{"/home/coding-muse/Documents/MealApp/server/index.js":{"path":"/home/coding-muse/Documents/MealApp/server/index.js","statementMap":{"0":{"start":{"line":3,"column":0},"end":{"line":5,"column":3}},"1":{"start":{"line":7,"column":0},"end":{"line":7,"column":25}},"2":{"start":{"line":9,"column":15},"end":{"line":9,"column":33}},"3":{"start":{"line":11,"column":16},"end":{"line":11,"column":48}},"4":{"start":{"line":13,"column":12},"end":{"line":13,"column":27}},"5":{"start":{"line":15,"column":13},"end":{"line":15,"column":42}},"6":{"start":{"line":17,"column":14},"end":{"line":17,"column":31}},"7":{"start":{"line":19,"column":15},"end":{"line":19,"column":46}},"8":{"start":{"line":21,"column":18},"end":{"line":21,"column":40}},"9":{"start":{"line":23,"column":19},"end":{"line":23,"column":54}},"10":{"start":{"line":25,"column":12},"end":{"line":25,"column":27}},"11":{"start":{"line":27,"column":13},"end":{"line":27,"column":42}},"12":{"start":{"line":29,"column":24},"end":{"line":29,"column":52}},"13":{"start":{"line":31,"column":25},"end":{"line":31,"column":66}},"14":{"start":{"line":33,"column":14},"end":{"line":33,"column":33}},"15":{"start":{"line":35,"column":15},"end":{"line":35,"column":46}},"16":{"start":{"line":37,"column":23},"end":{"line":37,"column":75}},"17":{"start":{"line":39,"column":24},"end":{"line":39,"column":64}},"18":{"start":{"line":41,"column":23},"end":{"line":41,"column":75}},"19":{"start":{"line":43,"column":24},"end":{"line":43,"column":64}},"20":{"start":{"line":45,"column":19},"end":{"line":45,"column":49}},"21":{"start":{"line":47,"column":20},"end":{"line":47,"column":56}},"22":{"start":{"line":49,"column":39},"end":{"line":49,"column":93}},"23":{"start":{"line":51,"column":10},"end":{"line":51,"column":34}},"24":{"start":{"line":52,"column":11},"end":{"line":52,"column":37}},"25":{"start":{"line":55,"column":0},"end":{"line":55,"column":38}},"26":{"start":{"line":58,"column":0},"end":{"line":58,"column":135}},"27":{"start":{"line":61,"column":0},"end":{"line":61,"column":31}},"28":{"start":{"line":63,"column":0},"end":{"line":63,"column":37}},"29":{"start":{"line":65,"column":0},"end":{"line":65,"column":108}},"30":{"start":{"line":68,"column":0},"end":{"line":68,"column":31}},"31":{"start":{"line":71,"column":0},"end":{"line":78,"column":3}},"32":{"start":{"line":73,"column":2},"end":{"line":73,"column":35}},"33":{"start":{"line":74,"column":2},"end":{"line":74,"column":69}},"34":{"start":{"line":76,"column":2},"end":{"line":76,"column":32}},"35":{"start":{"line":77,"column":2},"end":{"line":77,"column":62}},"36":{"start":{"line":80,"column":0},"end":{"line":82,"column":3}},"37":{"start":{"line":81,"column":2},"end":{"line":81,"column":41}},"38":{"start":{"line":85,"column":0},"end":{"line":85,"column":22}}},"fnMap":{"0":{"name":"_interopRequireDefault","decl":{"start":{"line":49,"column":9},"end":{"line":49,"column":31}},"loc":{"start":{"line":49,"column":37},"end":{"line":49,"column":95}},"line":49},"1":{"name":"(anonymous_1)","decl":{"start":{"line":71,"column":8},"end":{"line":71,"column":9}},"loc":{"start":{"line":71,"column":33},"end":{"line":78,"column":1}},"line":71},"2":{"name":"(anonymous_2)","decl":{"start":{"line":80,"column":25},"end":{"line":80,"column":26}},"loc":{"start":{"line":80,"column":37},"end":{"line":82,"column":1}},"line":80}},"branchMap":{"0":{"loc":{"start":{"line":49,"column":46},"end":{"line":49,"column":92}},"type":"cond-expr","locations":[{"start":{"line":49,"column":70},"end":{"line":49,"column":73}},{"start":{"line":49,"column":76},"end":{"line":49,"column":92}}],"line":49},"1":{"loc":{"start":{"line":49,"column":46},"end":{"line":49,"column":67}},"type":"binary-expr","locations":[{"start":{"line":49,"column":46},"end":{"line":49,"column":49}},{"start":{"line":49,"column":53},"end":{"line":49,"column":67}}],"line":49},"2":{"loc":{"start":{"line":52,"column":11},"end":{"line":52,"column":37}},"type":"binary-expr","locations":[{"start":{"line":52,"column":11},"end":{"line":52,"column":27}},{"start":{"line":52,"column":31},"end":{"line":52,"column":37}}],"line":52},"3":{"loc":{"start":{"line":74,"column":21},"end":{"line":74,"column":68}},"type":"cond-expr","locations":[{"start":{"line":74,"column":60},"end":{"line":74,"column":63}},{"start":{"line":74,"column":66},"end":{"line":74,"column":68}}],"line":74},"4":{"loc":{"start":{"line":76,"column":13},"end":{"line":76,"column":30}},"type":"binary-expr","locations":[{"start":{"line":76,"column":13},"end":{"line":76,"column":23}},{"start":{"line":76,"column":27},"end":{"line":76,"column":30}}],"line":76},"5":{"loc":{"start":{"line":80,"column":11},"end":{"line":80,"column":23}},"type":"binary-expr","locations":[{"start":{"line":80,"column":11},"end":{"line":80,"column":15}},{"start":{"line":80,"column":19},"end":{"line":80,"column":23}}],"line":80}},"s":{"0":1,"1":1,"2":1,"3":1,"4":1,"5":1,"6":1,"7":1,"8":1,"9":1,"10":1,"11":1,"12":1,"13":1,"14":1,"15":1,"16":1,"17":1,"18":1,"19":1,"20":1,"21":1,"22":10,"23":1,"24":1,"25":1,"26":1,"27":1,"28":1,"29":1,"30":1,"31":1,"32":0,"33":0,"34":0,"35":0,"36":1,"37":1,"38":1},"f":{"0":10,"1":0,"2":1},"b":{"0":[4,6],"1":[10,10],"2":[1,0],"3":[0,0],"4":[0,0],"5":[1,0]},"_coverageSchema":"d34fc3e6b8297bcde183f5492bcb8fcb36775295","hash":"078a4f0f4d8c423e03093ee183a4a38d0ca9c5ed","contentHash":"435f4401733d6ed8cf13d95050f63eb4_12.0.2"},"/home/coding-muse/Documents/MealApp/server/routes/index.js":{"path":"/home/coding-muse/Documents/MealApp/server/routes/index.js","statementMap":{"0":{"start":{"line":3,"column":0},"end":{"line":5,"column":3}},"1":{"start":{"line":7,"column":15},"end":{"line":7,"column":33}},"2":{"start":{"line":9,"column":16},"end":{"line":9,"column":48}},"3":{"start":{"line":11,"column":11},"end":{"line":11,"column":27}},"4":{"start":{"line":13,"column":12},"end":{"line":13,"column":40}},"5":{"start":{"line":15,"column":39},"end":{"line":15,"column":93}},"6":{"start":{"line":17,"column":13},"end":{"line":17,"column":39}},"7":{"start":{"line":19,"column":0},"end":{"line":21,"column":3}},"8":{"start":{"line":20,"column":2},"end":{"line":20,"column":43}},"9":{"start":{"line":23,"column":0},"end":{"line":23,"column":34}},"10":{"start":{"line":26,"column":0},"end":{"line":36,"column":3}},"11":{"start":{"line":27,"column":21},"end":{"line":34,"column":3}},"12":{"start":{"line":35,"column":2},"end":{"line":35,"column":37}},"13":{"start":{"line":37,"column":0},"end":{"line":37,"column":25}}},"fnMap":{"0":{"name":"_interopRequireDefault","decl":{"start":{"line":15,"column":9},"end":{"line":15,"column":31}},"loc":{"start":{"line":15,"column":37},"end":{"line":15,"column":95}},"line":15},"1":{"name":"(anonymous_1)","decl":{"start":{"line":19,"column":16},"end":{"line":19,"column":17}},"loc":{"start":{"line":19,"column":36},"end":{"line":21,"column":1}},"line":19},"2":{"name":"(anonymous_2)","decl":{"start":{"line":26,"column":16},"end":{"line":26,"column":17}},"loc":{"start":{"line":26,"column":36},"end":{"line":36,"column":1}},"line":26}},"branchMap":{"0":{"loc":{"start":{"line":15,"column":46},"end":{"line":15,"column":92}},"type":"cond-expr","locations":[{"start":{"line":15,"column":70},"end":{"line":15,"column":73}},{"start":{"line":15,"column":76},"end":{"line":15,"column":92}}],"line":15},"1":{"loc":{"start":{"line":15,"column":46},"end":{"line":15,"column":67}},"type":"binary-expr","locations":[{"start":{"line":15,"column":46},"end":{"line":15,"column":49}},{"start":{"line":15,"column":53},"end":{"line":15,"column":67}}],"line":15}},"s":{"0":1,"1":1,"2":1,"3":1,"4":1,"5":2,"6":1,"7":1,"8":0,"9":1,"10":1,"11":0,"12":0,"13":1},"f":{"0":2,"1":0,"2":0},"b":{"0":[1,1],"1":[2,2]},"_coverageSchema":"d34fc3e6b8297bcde183f5492bcb8fcb36775295","hash":"a7e09e9abf317226cd25ad8cc8a800ebaf5f8831","contentHash":"601f458970030cfa05a5ade436cb6692_12.0.2"},"/home/coding-muse/Documents/MealApp/server/routes/api/index.js":{"path":"/home/coding-muse/Documents/MealApp/server/routes/api/index.js","statementMap":{"0":{"start":{"line":3,"column":0},"end":{"line":5,"column":3}},"1":{"start":{"line":7,"column":15},"end":{"line":7,"column":33}},"2":{"start":{"line":9,"column":16},"end":{"line":9,"column":48}},"3":{"start":{"line":11,"column":9},"end":{"line":11,"column":24}},"4":{"start":{"line":13,"column":10},"end":{"line":13,"column":36}},"5":{"start":{"line":15,"column":39},"end":{"line":15,"column":93}},"6":{"start":{"line":17,"column":13},"end":{"line":17,"column":39}},"7":{"start":{"line":19,"column":0},"end":{"line":21,"column":3}},"8":{"start":{"line":20,"column":2},"end":{"line":20,"column":41}},"9":{"start":{"line":23,"column":0},"end":{"line":23,"column":31}},"10":{"start":{"line":25,"column":0},"end":{"line":25,"column":25}}},"fnMap":{"0":{"name":"_interopRequireDefault","decl":{"start":{"line":15,"column":9},"end":{"line":15,"column":31}},"loc":{"start":{"line":15,"column":37},"end":{"line":15,"column":95}},"line":15},"1":{"name":"(anonymous_1)","decl":{"start":{"line":19,"column":16},"end":{"line":19,"column":17}},"loc":{"start":{"line":19,"column":36},"end":{"line":21,"column":1}},"line":19}},"branchMap":{"0":{"loc":{"start":{"line":15,"column":46},"end":{"line":15,"column":92}},"type":"cond-expr","locations":[{"start":{"line":15,"column":70},"end":{"line":15,"column":73}},{"start":{"line":15,"column":76},"end":{"line":15,"column":92}}],"line":15},"1":{"loc":{"start":{"line":15,"column":46},"end":{"line":15,"column":67}},"type":"binary-expr","locations":[{"start":{"line":15,"column":46},"end":{"line":15,"column":49}},{"start":{"line":15,"column":53},"end":{"line":15,"column":67}}],"line":15}},"s":{"0":1,"1":1,"2":1,"3":1,"4":1,"5":2,"6":1,"7":1,"8":0,"9":1,"10":1},"f":{"0":2,"1":0},"b":{"0":[1,1],"1":[2,2]},"_coverageSchema":"d34fc3e6b8297bcde183f5492bcb8fcb36775295","hash":"cc3f7bcf030fe614683ce4554dce5554bbba3052","contentHash":"44bb1a10ca01b73b9c40dc79e7f5cd7e_12.0.2"},"/home/coding-muse/Documents/MealApp/server/routes/api/v1/index.js":{"path":"/home/coding-muse/Documents/MealApp/server/routes/api/v1/index.js","statementMap":{"0":{"start":{"line":3,"column":0},"end":{"line":5,"column":3}},"1":{"start":{"line":7,"column":15},"end":{"line":7,"column":33}},"2":{"start":{"line":9,"column":16},"end":{"line":9,"column":48}},"3":{"start":{"line":11,"column":20},"end":{"line":11,"column":44}},"4":{"start":{"line":13,"column":21},"end":{"line":13,"column":58}},"5":{"start":{"line":15,"column":12},"end":{"line":15,"column":29}},"6":{"start":{"line":17,"column":13},"end":{"line":17,"column":42}},"7":{"start":{"line":19,"column":12},"end":{"line":19,"column":29}},"8":{"start":{"line":21,"column":13},"end":{"line":21,"column":42}},"9":{"start":{"line":23,"column":12},"end":{"line":23,"column":29}},"10":{"start":{"line":25,"column":13},"end":{"line":25,"column":42}},"11":{"start":{"line":27,"column":13},"end":{"line":27,"column":31}},"12":{"start":{"line":29,"column":14},"end":{"line":29,"column":44}},"13":{"start":{"line":31,"column":39},"end":{"line":31,"column":93}},"14":{"start":{"line":33,"column":13},"end":{"line":33,"column":39}},"15":{"start":{"line":36,"column":24},"end":{"line":44,"column":1}},"16":{"start":{"line":47,"column":14},"end":{"line":55,"column":1}},"17":{"start":{"line":58,"column":18},"end":{"line":58,"column":54}},"18":{"start":{"line":61,"column":0},"end":{"line":64,"column":3}},"19":{"start":{"line":62,"column":2},"end":{"line":62,"column":49}},"20":{"start":{"line":63,"column":2},"end":{"line":63,"column":24}},"21":{"start":{"line":67,"column":0},"end":{"line":67,"column":36}},"22":{"start":{"line":68,"column":0},"end":{"line":68,"column":36}},"23":{"start":{"line":69,"column":0},"end":{"line":69,"column":36}},"24":{"start":{"line":70,"column":0},"end":{"line":70,"column":38}},"25":{"start":{"line":73,"column":0},"end":{"line":75,"column":3}},"26":{"start":{"line":74,"column":2},"end":{"line":74,"column":44}},"27":{"start":{"line":77,"column":0},"end":{"line":77,"column":25}}},"fnMap":{"0":{"name":"_interopRequireDefault","decl":{"start":{"line":31,"column":9},"end":{"line":31,"column":31}},"loc":{"start":{"line":31,"column":37},"end":{"line":31,"column":95}},"line":31},"1":{"name":"(anonymous_1)","decl":{"start":{"line":61,"column":28},"end":{"line":61,"column":29}},"loc":{"start":{"line":61,"column":48},"end":{"line":64,"column":1}},"line":61},"2":{"name":"(anonymous_2)","decl":{"start":{"line":73,"column":16},"end":{"line":73,"column":17}},"loc":{"start":{"line":73,"column":36},"end":{"line":75,"column":1}},"line":73}},"branchMap":{"0":{"loc":{"start":{"line":31,"column":46},"end":{"line":31,"column":92}},"type":"cond-expr","locations":[{"start":{"line":31,"column":70},"end":{"line":31,"column":73}},{"start":{"line":31,"column":76},"end":{"line":31,"column":92}}],"line":31},"1":{"loc":{"start":{"line":31,"column":46},"end":{"line":31,"column":67}},"type":"binary-expr","locations":[{"start":{"line":31,"column":46},"end":{"line":31,"column":49}},{"start":{"line":31,"column":53},"end":{"line":31,"column":67}}],"line":31}},"s":{"0":1,"1":1,"2":1,"3":1,"4":1,"5":1,"6":1,"7":1,"8":1,"9":1,"10":1,"11":1,"12":1,"13":6,"14":1,"15":1,"16":1,"17":1,"18":1,"19":0,"20":0,"21":1,"22":1,"23":1,"24":1,"25":1,"26":0,"27":1},"f":{"0":6,"1":0,"2":0},"b":{"0":[4,2],"1":[6,6]},"_coverageSchema":"d34fc3e6b8297bcde183f5492bcb8fcb36775295","hash":"e0063ca7ae0038f2ca55b286bed626bc003ab3cd","contentHash":"c31f8f4ac5cbecffe297b63126f344ff_12.0.2"},"/home/coding-muse/Documents/MealApp/server/routes/api/v1/user.js":{"path":"/home/coding-muse/Documents/MealApp/server/routes/api/v1/user.js","statementMap":{"0":{"start":{"line":3,"column":0},"end":{"line":5,"column":3}},"1":{"start":{"line":7,"column":15},"end":{"line":7,"column":33}},"2":{"start":{"line":9,"column":16},"end":{"line":9,"column":48}},"3":{"start":{"line":11,"column":12},"end":{"line":11,"column":48}},"4":{"start":{"line":13,"column":13},"end":{"line":13,"column":42}},"5":{"start":{"line":15,"column":13},"end":{"line":15,"column":60}},"6":{"start":{"line":17,"column":13},"end":{"line":17,"column":43}},"7":{"start":{"line":19,"column":39},"end":{"line":19,"column":93}},"8":{"start":{"line":21,"column":13},"end":{"line":21,"column":39}},"9":{"start":{"line":22,"column":0},"end":{"line":22,"column":73}},"10":{"start":{"line":23,"column":0},"end":{"line":23,"column":70}},"11":{"start":{"line":25,"column":0},"end":{"line":25,"column":25}}},"fnMap":{"0":{"name":"_interopRequireDefault","decl":{"start":{"line":19,"column":9},"end":{"line":19,"column":31}},"loc":{"start":{"line":19,"column":37},"end":{"line":19,"column":95}},"line":19}},"branchMap":{"0":{"loc":{"start":{"line":19,"column":46},"end":{"line":19,"column":92}},"type":"cond-expr","locations":[{"start":{"line":19,"column":70},"end":{"line":19,"column":73}},{"start":{"line":19,"column":76},"end":{"line":19,"column":92}}],"line":19},"1":{"loc":{"start":{"line":19,"column":46},"end":{"line":19,"column":67}},"type":"binary-expr","locations":[{"start":{"line":19,"column":46},"end":{"line":19,"column":49}},{"start":{"line":19,"column":53},"end":{"line":19,"column":67}}],"line":19}},"s":{"0":1,"1":1,"2":1,"3":1,"4":1,"5":1,"6":1,"7":3,"8":1,"9":1,"10":1,"11":1},"f":{"0":3},"b":{"0":[2,1],"1":[3,3]},"_coverageSchema":"d34fc3e6b8297bcde183f5492bcb8fcb36775295","hash":"2ba06c86ed270e2811fa7d60456cdcea7c6f0e44","contentHash":"33c31307067e3cdef1eef000bd07305f_12.0.2"},"/home/coding-muse/Documents/MealApp/server/controllers/user.js":{"path":"/home/coding-muse/Documents/MealApp/server/controllers/user.js","statementMap":{"0":{"start":{"line":3,"column":0},"end":{"line":5,"column":3}},"1":{"start":{"line":7,"column":19},"end":{"line":7,"column":563}},"2":{"start":{"line":7,"column":76},"end":{"line":7,"column":347}},"3":{"start":{"line":7,"column":134},"end":{"line":7,"column":142}},"4":{"start":{"line":7,"column":144},"end":{"line":7,"column":199}},"5":{"start":{"line":7,"column":200},"end":{"line":7,"column":231}},"6":{"start":{"line":7,"column":232},"end":{"line":7,"column":286}},"7":{"start":{"line":7,"column":259},"end":{"line":7,"column":286}},"8":{"start":{"line":7,"column":287},"end":{"line":7,"column":345}},"9":{"start":{"line":7,"column":350},"end":{"line":7,"column":559}},"10":{"start":{"line":7,"column":407},"end":{"line":7,"column":475}},"11":{"start":{"line":7,"column":423},"end":{"line":7,"column":475}},"12":{"start":{"line":7,"column":476},"end":{"line":7,"column":536}},"13":{"start":{"line":7,"column":493},"end":{"line":7,"column":536}},"14":{"start":{"line":7,"column":537},"end":{"line":7,"column":556}},"15":{"start":{"line":9,"column":19},"end":{"line":9,"column":50}},"16":{"start":{"line":11,"column":20},"end":{"line":11,"column":56}},"17":{"start":{"line":13,"column":12},"end":{"line":13,"column":41}},"18":{"start":{"line":15,"column":13},"end":{"line":15,"column":42}},"19":{"start":{"line":17,"column":39},"end":{"line":17,"column":93}},"20":{"start":{"line":19,"column":50},"end":{"line":19,"column":151}},"21":{"start":{"line":19,"column":92},"end":{"line":19,"column":149}},"22":{"start":{"line":26,"column":21},"end":{"line":78,"column":3}},"23":{"start":{"line":28,"column":4},"end":{"line":28,"column":42}},"24":{"start":{"line":31,"column":2},"end":{"line":75,"column":6}},"25":{"start":{"line":44,"column":17},"end":{"line":44,"column":30}},"26":{"start":{"line":47,"column":6},"end":{"line":52,"column":7}},"27":{"start":{"line":48,"column":25},"end":{"line":48,"column":62}},"28":{"start":{"line":49,"column":8},"end":{"line":49,"column":75}},"29":{"start":{"line":51,"column":8},"end":{"line":51,"column":88}},"30":{"start":{"line":68,"column":6},"end":{"line":73,"column":7}},"31":{"start":{"line":69,"column":24},"end":{"line":69,"column":70}},"32":{"start":{"line":70,"column":8},"end":{"line":70,"column":74}},"33":{"start":{"line":72,"column":8},"end":{"line":72,"column":88}},"34":{"start":{"line":77,"column":2},"end":{"line":77,"column":24}},"35":{"start":{"line":80,"column":0},"end":{"line":80,"column":33}}},"fnMap":{"0":{"name":"(anonymous_0)","decl":{"start":{"line":7,"column":19},"end":{"line":7,"column":20}},"loc":{"start":{"line":7,"column":31},"end":{"line":7,"column":561}},"line":7},"1":{"name":"defineProperties","decl":{"start":{"line":7,"column":42},"end":{"line":7,"column":58}},"loc":{"start":{"line":7,"column":74},"end":{"line":7,"column":349}},"line":7},"2":{"name":"(anonymous_2)","decl":{"start":{"line":7,"column":357},"end":{"line":7,"column":358}},"loc":{"start":{"line":7,"column":405},"end":{"line":7,"column":558}},"line":7},"3":{"name":"_interopRequireDefault","decl":{"start":{"line":17,"column":9},"end":{"line":17,"column":31}},"loc":{"start":{"line":17,"column":37},"end":{"line":17,"column":95}},"line":17},"4":{"name":"_classCallCheck","decl":{"start":{"line":19,"column":9},"end":{"line":19,"column":24}},"loc":{"start":{"line":19,"column":48},"end":{"line":19,"column":153}},"line":19},"5":{"name":"(anonymous_5)","decl":{"start":{"line":26,"column":21},"end":{"line":26,"column":22}},"loc":{"start":{"line":26,"column":33},"end":{"line":78,"column":1}},"line":26},"6":{"name":"userController","decl":{"start":{"line":27,"column":11},"end":{"line":27,"column":25}},"loc":{"start":{"line":27,"column":28},"end":{"line":29,"column":3}},"line":27},"7":{"name":"createUser","decl":{"start":{"line":43,"column":26},"end":{"line":43,"column":36}},"loc":{"start":{"line":43,"column":47},"end":{"line":53,"column":5}},"line":43},"8":{"name":"loginUser","decl":{"start":{"line":67,"column":26},"end":{"line":67,"column":35}},"loc":{"start":{"line":67,"column":46},"end":{"line":74,"column":5}},"line":67}},"branchMap":{"0":{"loc":{"start":{"line":7,"column":168},"end":{"line":7,"column":198}},"type":"binary-expr","locations":[{"start":{"line":7,"column":168},"end":{"line":7,"column":189}},{"start":{"line":7,"column":193},"end":{"line":7,"column":198}}],"line":7},"1":{"loc":{"start":{"line":7,"column":232},"end":{"line":7,"column":286}},"type":"if","locations":[{"start":{"line":7,"column":232},"end":{"line":7,"column":286}},{"start":{"line":7,"column":232},"end":{"line":7,"column":286}}],"line":7},"2":{"loc":{"start":{"line":7,"column":407},"end":{"line":7,"column":475}},"type":"if","locations":[{"start":{"line":7,"column":407},"end":{"line":7,"column":475}},{"start":{"line":7,"column":407},"end":{"line":7,"column":475}}],"line":7},"3":{"loc":{"start":{"line":7,"column":476},"end":{"line":7,"column":536}},"type":"if","locations":[{"start":{"line":7,"column":476},"end":{"line":7,"column":536}},{"start":{"line":7,"column":476},"end":{"line":7,"column":536}}],"line":7},"4":{"loc":{"start":{"line":17,"column":46},"end":{"line":17,"column":92}},"type":"cond-expr","locations":[{"start":{"line":17,"column":70},"end":{"line":17,"column":73}},{"start":{"line":17,"column":76},"end":{"line":17,"column":92}}],"line":17},"5":{"loc":{"start":{"line":17,"column":46},"end":{"line":17,"column":67}},"type":"binary-expr","locations":[{"start":{"line":17,"column":46},"end":{"line":17,"column":49}},{"start":{"line":17,"column":53},"end":{"line":17,"column":67}}],"line":17},"6":{"loc":{"start":{"line":19,"column":50},"end":{"line":19,"column":151}},"type":"if","locations":[{"start":{"line":19,"column":50},"end":{"line":19,"column":151}},{"start":{"line":19,"column":50},"end":{"line":19,"column":151}}],"line":19}},"s":{"0":1,"1":1,"2":1,"3":2,"4":2,"5":2,"6":2,"7":2,"8":2,"9":1,"10":1,"11":0,"12":1,"13":1,"14":1,"15":1,"16":1,"17":1,"18":1,"19":2,"20":0,"21":0,"22":1,"23":0,"24":1,"25":2,"26":2,"27":2,"28":1,"29":1,"30":4,"31":4,"32":2,"33":2,"34":1,"35":1},"f":{"0":1,"1":1,"2":1,"3":2,"4":0,"5":1,"6":0,"7":2,"8":4},"b":{"0":[2,2],"1":[2,0],"2":[0,1],"3":[1,0],"4":[2,0],"5":[2,2],"6":[0,0]},"_coverageSchema":"d34fc3e6b8297bcde183f5492bcb8fcb36775295","hash":"49e72fb04e3850cbe7c569614e2e1f2f3ccaa8b9","contentHash":"c3720ce2fed4f8d0e1d1834c686ccb27_12.0.2"},"/home/coding-muse/Documents/MealApp/server/utils/transformer.js":{"path":"/home/coding-muse/Documents/MealApp/server/utils/transformer.js","statementMap":{"0":{"start":{"line":3,"column":0},"end":{"line":5,"column":3}},"1":{"start":{"line":6,"column":18},"end":{"line":6,"column":20}},"2":{"start":{"line":7,"column":15},"end":{"line":7,"column":35}},"3":{"start":{"line":9,"column":0},"end":{"line":20,"column":2}},"4":{"start":{"line":10,"column":2},"end":{"line":15,"column":3}},"5":{"start":{"line":11,"column":4},"end":{"line":14,"column":6}},"6":{"start":{"line":16,"column":2},"end":{"line":19,"column":4}},"7":{"start":{"line":30,"column":0},"end":{"line":40,"column":2}},"8":{"start":{"line":31,"column":13},"end":{"line":31,"column":15}},"9":{"start":{"line":33,"column":2},"end":{"line":33,"column":42}},"10":{"start":{"line":33,"column":30},"end":{"line":33,"column":42}},"11":{"start":{"line":35,"column":2},"end":{"line":37,"column":5}},"12":{"start":{"line":36,"column":4},"end":{"line":36,"column":42}},"13":{"start":{"line":39,"column":2},"end":{"line":39,"column":14}},"14":{"start":{"line":42,"column":0},"end":{"line":42,"column":30}}},"fnMap":{"0":{"name":"(anonymous_0)","decl":{"start":{"line":9,"column":32},"end":{"line":9,"column":33}},"loc":{"start":{"line":9,"column":56},"end":{"line":20,"column":1}},"line":9},"1":{"name":"(anonymous_1)","decl":{"start":{"line":30,"column":47},"end":{"line":30,"column":48}},"loc":{"start":{"line":30,"column":65},"end":{"line":40,"column":1}},"line":30},"2":{"name":"(anonymous_2)","decl":{"start":{"line":35,"column":17},"end":{"line":35,"column":18}},"loc":{"start":{"line":35,"column":33},"end":{"line":37,"column":3}},"line":35}},"branchMap":{"0":{"loc":{"start":{"line":10,"column":2},"end":{"line":15,"column":3}},"type":"if","locations":[{"start":{"line":10,"column":2},"end":{"line":15,"column":3}},{"start":{"line":10,"column":2},"end":{"line":15,"column":3}}],"line":10},"1":{"loc":{"start":{"line":33,"column":2},"end":{"line":33,"column":42}},"type":"if","locations":[{"start":{"line":33,"column":2},"end":{"line":33,"column":42}},{"start":{"line":33,"column":2},"end":{"line":33,"column":42}}],"line":33},"2":{"loc":{"start":{"line":36,"column":19},"end":{"line":36,"column":33}},"type":"binary-expr","locations":[{"start":{"line":36,"column":19},"end":{"line":36,"column":27}},{"start":{"line":36,"column":31},"end":{"line":36,"column":33}}],"line":36}},"s":{"0":1,"1":1,"2":1,"3":1,"4":25,"5":18,"6":7,"7":1,"8":5,"9":5,"10":0,"11":5,"12":10,"13":5,"14":1},"f":{"0":25,"1":5,"2":10},"b":{"0":[18,7],"1":[0,5],"2":[10,0]},"_coverageSchema":"d34fc3e6b8297bcde183f5492bcb8fcb36775295","hash":"fd57c65435491b56ced1644ec32942e3b4973580","contentHash":"a281a3094cd188a87e11c404a70b4d33_12.0.2"},"/home/coding-muse/Documents/MealApp/server/processors/user.js":{"path":"/home/coding-muse/Documents/MealApp/server/processors/user.js","statementMap":{"0":{"start":{"line":3,"column":0},"end":{"line":5,"column":3}},"1":{"start":{"line":7,"column":19},"end":{"line":7,"column":563}},"2":{"start":{"line":7,"column":76},"end":{"line":7,"column":347}},"3":{"start":{"line":7,"column":134},"end":{"line":7,"column":142}},"4":{"start":{"line":7,"column":144},"end":{"line":7,"column":199}},"5":{"start":{"line":7,"column":200},"end":{"line":7,"column":231}},"6":{"start":{"line":7,"column":232},"end":{"line":7,"column":286}},"7":{"start":{"line":7,"column":259},"end":{"line":7,"column":286}},"8":{"start":{"line":7,"column":287},"end":{"line":7,"column":345}},"9":{"start":{"line":7,"column":350},"end":{"line":7,"column":559}},"10":{"start":{"line":7,"column":407},"end":{"line":7,"column":475}},"11":{"start":{"line":7,"column":423},"end":{"line":7,"column":475}},"12":{"start":{"line":7,"column":476},"end":{"line":7,"column":536}},"13":{"start":{"line":7,"column":493},"end":{"line":7,"column":536}},"14":{"start":{"line":7,"column":537},"end":{"line":7,"column":556}},"15":{"start":{"line":9,"column":14},"end":{"line":9,"column":43}},"16":{"start":{"line":11,"column":15},"end":{"line":11,"column":46}},"17":{"start":{"line":13,"column":19},"end":{"line":13,"column":51}},"18":{"start":{"line":15,"column":20},"end":{"line":15,"column":56}},"19":{"start":{"line":17,"column":20},"end":{"line":17,"column":53}},"20":{"start":{"line":19,"column":21},"end":{"line":19,"column":58}},"21":{"start":{"line":21,"column":21},"end":{"line":21,"column":55}},"22":{"start":{"line":23,"column":22},"end":{"line":23,"column":60}},"23":{"start":{"line":25,"column":39},"end":{"line":25,"column":93}},"24":{"start":{"line":27,"column":50},"end":{"line":27,"column":151}},"25":{"start":{"line":27,"column":92},"end":{"line":27,"column":149}},"26":{"start":{"line":29,"column":16},"end":{"line":29,"column":38}},"27":{"start":{"line":35,"column":20},"end":{"line":138,"column":3}},"28":{"start":{"line":37,"column":4},"end":{"line":37,"column":41}},"29":{"start":{"line":40,"column":2},"end":{"line":135,"column":6}},"30":{"start":{"line":50,"column":6},"end":{"line":89,"column":7}},"31":{"start":{"line":51,"column":8},"end":{"line":51,"column":52}},"32":{"start":{"line":52,"column":19},"end":{"line":52,"column":21}},"33":{"start":{"line":53,"column":8},"end":{"line":53,"column":65}},"34":{"start":{"line":56,"column":8},"end":{"line":56,"column":44}},"35":{"start":{"line":59,"column":8},"end":{"line":59,"column":67}},"36":{"start":{"line":60,"column":8},"end":{"line":83,"column":9}},"37":{"start":{"line":61,"column":28},"end":{"line":61,"column":68}},"38":{"start":{"line":62,"column":19},"end":{"line":62,"column":33}},"39":{"start":{"line":63,"column":26},"end":{"line":63,"column":47}},"40":{"start":{"line":64,"column":25},"end":{"line":64,"column":45}},"41":{"start":{"line":65,"column":22},"end":{"line":65,"column":39}},"42":{"start":{"line":66,"column":28},"end":{"line":66,"column":51}},"43":{"start":{"line":67,"column":26},"end":{"line":69,"column":23}},"44":{"start":{"line":70,"column":21},"end":{"line":76,"column":11}},"45":{"start":{"line":78,"column":10},"end":{"line":78,"column":22}},"46":{"start":{"line":81,"column":20},"end":{"line":81,"column":50}},"47":{"start":{"line":82,"column":10},"end":{"line":82,"column":20}},"48":{"start":{"line":86,"column":8},"end":{"line":86,"column":23}},"49":{"start":{"line":87,"column":19},"end":{"line":87,"column":72}},"50":{"start":{"line":88,"column":8},"end":{"line":88,"column":19}},"51":{"start":{"line":102,"column":6},"end":{"line":133,"column":7}},"52":{"start":{"line":103,"column":19},"end":{"line":103,"column":89}},"53":{"start":{"line":104,"column":8},"end":{"line":127,"column":9}},"54":{"start":{"line":105,"column":10},"end":{"line":105,"column":54}},"55":{"start":{"line":106,"column":15},"end":{"line":127,"column":9}},"56":{"start":{"line":107,"column":10},"end":{"line":107,"column":46}},"57":{"start":{"line":109,"column":25},"end":{"line":109,"column":29}},"58":{"start":{"line":110,"column":19},"end":{"line":110,"column":30}},"59":{"start":{"line":111,"column":26},"end":{"line":111,"column":44}},"60":{"start":{"line":112,"column":25},"end":{"line":112,"column":42}},"61":{"start":{"line":113,"column":22},"end":{"line":113,"column":36}},"62":{"start":{"line":114,"column":28},"end":{"line":114,"column":48}},"63":{"start":{"line":115,"column":26},"end":{"line":117,"column":23}},"64":{"start":{"line":118,"column":21},"end":{"line":124,"column":11}},"65":{"start":{"line":126,"column":10},"end":{"line":126,"column":22}},"66":{"start":{"line":130,"column":8},"end":{"line":130,"column":23}},"67":{"start":{"line":131,"column":18},"end":{"line":131,"column":80}},"68":{"start":{"line":132,"column":8},"end":{"line":132,"column":18}},"69":{"start":{"line":137,"column":2},"end":{"line":137,"column":23}},"70":{"start":{"line":140,"column":0},"end":{"line":140,"column":32}}},"fnMap":{"0":{"name":"(anonymous_0)","decl":{"start":{"line":7,"column":19},"end":{"line":7,"column":20}},"loc":{"start":{"line":7,"column":31},"end":{"line":7,"column":561}},"line":7},"1":{"name":"defineProperties","decl":{"start":{"line":7,"column":42},"end":{"line":7,"column":58}},"loc":{"start":{"line":7,"column":74},"end":{"line":7,"column":349}},"line":7},"2":{"name":"(anonymous_2)","decl":{"start":{"line":7,"column":357},"end":{"line":7,"column":358}},"loc":{"start":{"line":7,"column":405},"end":{"line":7,"column":558}},"line":7},"3":{"name":"_interopRequireDefault","decl":{"start":{"line":25,"column":9},"end":{"line":25,"column":31}},"loc":{"start":{"line":25,"column":37},"end":{"line":25,"column":95}},"line":25},"4":{"name":"_classCallCheck","decl":{"start":{"line":27,"column":9},"end":{"line":27,"column":24}},"loc":{"start":{"line":27,"column":48},"end":{"line":27,"column":153}},"line":27},"5":{"name":"(anonymous_5)","decl":{"start":{"line":35,"column":20},"end":{"line":35,"column":21}},"loc":{"start":{"line":35,"column":32},"end":{"line":138,"column":1}},"line":35},"6":{"name":"userProcessor","decl":{"start":{"line":36,"column":11},"end":{"line":36,"column":24}},"loc":{"start":{"line":36,"column":27},"end":{"line":38,"column":3}},"line":36},"7":{"name":"createUser","decl":{"start":{"line":49,"column":26},"end":{"line":49,"column":36}},"loc":{"start":{"line":49,"column":43},"end":{"line":90,"column":5}},"line":49},"8":{"name":"loginUser","decl":{"start":{"line":101,"column":26},"end":{"line":101,"column":35}},"loc":{"start":{"line":101,"column":43},"end":{"line":134,"column":5}},"line":101}},"branchMap":{"0":{"loc":{"start":{"line":7,"column":168},"end":{"line":7,"column":198}},"type":"binary-expr","locations":[{"start":{"line":7,"column":168},"end":{"line":7,"column":189}},{"start":{"line":7,"column":193},"end":{"line":7,"column":198}}],"line":7},"1":{"loc":{"start":{"line":7,"column":232},"end":{"line":7,"column":286}},"type":"if","locations":[{"start":{"line":7,"column":232},"end":{"line":7,"column":286}},{"start":{"line":7,"column":232},"end":{"line":7,"column":286}}],"line":7},"2":{"loc":{"start":{"line":7,"column":407},"end":{"line":7,"column":475}},"type":"if","locations":[{"start":{"line":7,"column":407},"end":{"line":7,"column":475}},{"start":{"line":7,"column":407},"end":{"line":7,"column":475}}],"line":7},"3":{"loc":{"start":{"line":7,"column":476},"end":{"line":7,"column":536}},"type":"if","locations":[{"start":{"line":7,"column":476},"end":{"line":7,"column":536}},{"start":{"line":7,"column":476},"end":{"line":7,"column":536}}],"line":7},"4":{"loc":{"start":{"line":25,"column":46},"end":{"line":25,"column":92}},"type":"cond-expr","locations":[{"start":{"line":25,"column":70},"end":{"line":25,"column":73}},{"start":{"line":25,"column":76},"end":{"line":25,"column":92}}],"line":25},"5":{"loc":{"start":{"line":25,"column":46},"end":{"line":25,"column":67}},"type":"binary-expr","locations":[{"start":{"line":25,"column":46},"end":{"line":25,"column":49}},{"start":{"line":25,"column":53},"end":{"line":25,"column":67}}],"line":25},"6":{"loc":{"start":{"line":27,"column":50},"end":{"line":27,"column":151}},"type":"if","locations":[{"start":{"line":27,"column":50},"end":{"line":27,"column":151}},{"start":{"line":27,"column":50},"end":{"line":27,"column":151}}],"line":27},"7":{"loc":{"start":{"line":51,"column":22},"end":{"line":51,"column":51}},"type":"cond-expr","locations":[{"start":{"line":51,"column":36},"end":{"line":51,"column":47}},{"start":{"line":51,"column":50},"end":{"line":51,"column":51}}],"line":51},"8":{"loc":{"start":{"line":104,"column":8},"end":{"line":127,"column":9}},"type":"if","locations":[{"start":{"line":104,"column":8},"end":{"line":127,"column":9}},{"start":{"line":104,"column":8},"end":{"line":127,"column":9}}],"line":104},"9":{"loc":{"start":{"line":106,"column":15},"end":{"line":127,"column":9}},"type":"if","locations":[{"start":{"line":106,"column":15},"end":{"line":127,"column":9}},{"start":{"line":106,"column":15},"end":{"line":127,"column":9}}],"line":106}},"s":{"0":1,"1":1,"2":1,"3":2,"4":2,"5":2,"6":2,"7":2,"8":2,"9":1,"10":1,"11":0,"12":1,"13":1,"14":1,"15":1,"16":1,"17":1,"18":1,"19":1,"20":1,"21":1,"22":1,"23":4,"24":0,"25":0,"26":1,"27":1,"28":0,"29":1,"30":2,"31":2,"32":2,"33":2,"34":2,"35":2,"36":2,"37":2,"38":1,"39":1,"40":1,"41":1,"42":1,"43":1,"44":1,"45":1,"46":1,"47":1,"48":1,"49":1,"50":1,"51":4,"52":4,"53":4,"54":1,"55":3,"56":1,"57":2,"58":2,"59":2,"60":2,"61":2,"62":2,"63":2,"64":2,"65":2,"66":2,"67":2,"68":2,"69":1,"70":1},"f":{"0":1,"1":1,"2":1,"3":4,"4":0,"5":1,"6":0,"7":2,"8":4},"b":{"0":[2,2],"1":[2,0],"2":[0,1],"3":[1,0],"4":[4,0],"5":[4,4],"6":[0,0],"7":[2,0],"8":[1,3],"9":[1,2]},"_coverageSchema":"d34fc3e6b8297bcde183f5492bcb8fcb36775295","hash":"7cfceb64a339a805080322aba30009ce62e15660","contentHash":"4709070872194bea0e3002b7d4b927cc_12.0.2"},"/home/coding-muse/Documents/MealApp/server/database/models/index.js":{"path":"/home/coding-muse/Documents/MealApp/server/database/models/index.js","statementMap":{"0":{"start":{"line":3,"column":0},"end":{"line":5,"column":3}},"1":{"start":{"line":7,"column":10},"end":{"line":7,"column":23}},"2":{"start":{"line":9,"column":11},"end":{"line":9,"column":38}},"3":{"start":{"line":11,"column":12},"end":{"line":11,"column":27}},"4":{"start":{"line":13,"column":13},"end":{"line":13,"column":42}},"5":{"start":{"line":15,"column":17},"end":{"line":15,"column":37}},"6":{"start":{"line":17,"column":18},"end":{"line":17,"column":52}},"7":{"start":{"line":19,"column":32},"end":{"line":19,"column":69}},"8":{"start":{"line":21,"column":33},"end":{"line":21,"column":82}},"9":{"start":{"line":23,"column":23},"end":{"line":23,"column":63}},"10":{"start":{"line":25,"column":24},"end":{"line":25,"column":64}},"11":{"start":{"line":27,"column":39},"end":{"line":27,"column":93}},"12":{"start":{"line":29,"column":15},"end":{"line":29,"column":55}},"13":{"start":{"line":30,"column":13},"end":{"line":30,"column":56}},"14":{"start":{"line":31,"column":16},"end":{"line":31,"column":76}},"15":{"start":{"line":32,"column":9},"end":{"line":32,"column":11}},"16":{"start":{"line":33,"column":16},"end":{"line":33,"column":18}},"17":{"start":{"line":35,"column":0},"end":{"line":35,"column":38}},"18":{"start":{"line":37,"column":0},"end":{"line":41,"column":1}},"19":{"start":{"line":38,"column":2},"end":{"line":38,"column":76}},"20":{"start":{"line":40,"column":2},"end":{"line":40,"column":105}},"21":{"start":{"line":43,"column":0},"end":{"line":48,"column":3}},"22":{"start":{"line":44,"column":2},"end":{"line":44,"column":82}},"23":{"start":{"line":46,"column":14},"end":{"line":46,"column":68}},"24":{"start":{"line":47,"column":2},"end":{"line":47,"column":25}},"25":{"start":{"line":50,"column":0},"end":{"line":54,"column":3}},"26":{"start":{"line":51,"column":2},"end":{"line":53,"column":3}},"27":{"start":{"line":52,"column":4},"end":{"line":52,"column":32}},"28":{"start":{"line":56,"column":0},"end":{"line":56,"column":25}},"29":{"start":{"line":57,"column":0},"end":{"line":57,"column":35}},"30":{"start":{"line":58,"column":0},"end":{"line":58,"column":25}},"31":{"start":{"line":60,"column":0},"end":{"line":60,"column":21}}},"fnMap":{"0":{"name":"_interopRequireDefault","decl":{"start":{"line":27,"column":9},"end":{"line":27,"column":31}},"loc":{"start":{"line":27,"column":37},"end":{"line":27,"column":95}},"line":27},"1":{"name":"(anonymous_1)","decl":{"start":{"line":43,"column":43},"end":{"line":43,"column":44}},"loc":{"start":{"line":43,"column":59},"end":{"line":45,"column":1}},"line":43},"2":{"name":"(anonymous_2)","decl":{"start":{"line":45,"column":11},"end":{"line":45,"column":12}},"loc":{"start":{"line":45,"column":27},"end":{"line":48,"column":1}},"line":45},"3":{"name":"(anonymous_3)","decl":{"start":{"line":50,"column":24},"end":{"line":50,"column":25}},"loc":{"start":{"line":50,"column":45},"end":{"line":54,"column":1}},"line":50}},"branchMap":{"0":{"loc":{"start":{"line":27,"column":46},"end":{"line":27,"column":92}},"type":"cond-expr","locations":[{"start":{"line":27,"column":70},"end":{"line":27,"column":73}},{"start":{"line":27,"column":76},"end":{"line":27,"column":92}}],"line":27},"1":{"loc":{"start":{"line":27,"column":46},"end":{"line":27,"column":67}},"type":"binary-expr","locations":[{"start":{"line":27,"column":46},"end":{"line":27,"column":49}},{"start":{"line":27,"column":53},"end":{"line":27,"column":67}}],"line":27},"2":{"loc":{"start":{"line":37,"column":0},"end":{"line":41,"column":1}},"type":"if","locations":[{"start":{"line":37,"column":0},"end":{"line":41,"column":1}},{"start":{"line":37,"column":0},"end":{"line":41,"column":1}}],"line":37},"3":{"loc":{"start":{"line":44,"column":9},"end":{"line":44,"column":81}},"type":"binary-expr","locations":[{"start":{"line":44,"column":9},"end":{"line":44,"column":32}},{"start":{"line":44,"column":36},"end":{"line":44,"column":53}},{"start":{"line":44,"column":57},"end":{"line":44,"column":81}}],"line":44},"4":{"loc":{"start":{"line":51,"column":2},"end":{"line":53,"column":3}},"type":"if","locations":[{"start":{"line":51,"column":2},"end":{"line":53,"column":3}},{"start":{"line":51,"column":2},"end":{"line":53,"column":3}}],"line":51}},"s":{"0":1,"1":1,"2":1,"3":1,"4":1,"5":1,"6":1,"7":1,"8":1,"9":1,"10":1,"11":5,"12":1,"13":1,"14":1,"15":1,"16":1,"17":1,"18":1,"19":0,"20":1,"21":1,"22":5,"23":4,"24":4,"25":1,"26":4,"27":4,"28":1,"29":1,"30":1,"31":1},"f":{"0":5,"1":5,"2":4,"3":4},"b":{"0":[1,4],"1":[5,5],"2":[0,1],"3":[5,5,4],"4":[4,0]},"_coverageSchema":"d34fc3e6b8297bcde183f5492bcb8fcb36775295","hash":"ee80f1a0de515131cdad346fb9bdc3d888ef8f04","contentHash":"ede8fd02c78eb58b52d7a6e4f3beb7fc_12.0.2"},"/home/coding-muse/Documents/MealApp/server/config/sequelize-config.js":{"path":"/home/coding-muse/Documents/MealApp/server/config/sequelize-config.js","statementMap":{"0":{"start":{"line":3,"column":0},"end":{"line":5,"column":3}},"1":{"start":{"line":7,"column":16},"end":{"line":7,"column":37}},"2":{"start":{"line":9,"column":17},"end":{"line":9,"column":50}},"3":{"start":{"line":11,"column":39},"end":{"line":11,"column":93}},"4":{"start":{"line":13,"column":16},"end":{"line":19,"column":1}},"5":{"start":{"line":14,"column":2},"end":{"line":17,"column":3}},"6":{"start":{"line":15,"column":4},"end":{"line":15,"column":61}},"7":{"start":{"line":16,"column":4},"end":{"line":16,"column":30}},"8":{"start":{"line":18,"column":2},"end":{"line":18,"column":28}},"9":{"start":{"line":20,"column":0},"end":{"line":20,"column":28}}},"fnMap":{"0":{"name":"_interopRequireDefault","decl":{"start":{"line":11,"column":9},"end":{"line":11,"column":31}},"loc":{"start":{"line":11,"column":37},"end":{"line":11,"column":95}},"line":11},"1":{"name":"currentDB","decl":{"start":{"line":13,"column":25},"end":{"line":13,"column":34}},"loc":{"start":{"line":13,"column":40},"end":{"line":19,"column":1}},"line":13}},"branchMap":{"0":{"loc":{"start":{"line":11,"column":46},"end":{"line":11,"column":92}},"type":"cond-expr","locations":[{"start":{"line":11,"column":70},"end":{"line":11,"column":73}},{"start":{"line":11,"column":76},"end":{"line":11,"column":92}}],"line":11},"1":{"loc":{"start":{"line":11,"column":46},"end":{"line":11,"column":67}},"type":"binary-expr","locations":[{"start":{"line":11,"column":46},"end":{"line":11,"column":49}},{"start":{"line":11,"column":53},"end":{"line":11,"column":67}}],"line":11},"2":{"loc":{"start":{"line":14,"column":2},"end":{"line":17,"column":3}},"type":"if","locations":[{"start":{"line":14,"column":2},"end":{"line":17,"column":3}},{"start":{"line":14,"column":2},"end":{"line":17,"column":3}}],"line":14}},"s":{"0":1,"1":1,"2":1,"3":1,"4":1,"5":1,"6":0,"7":0,"8":1,"9":1},"f":{"0":1,"1":1},"b":{"0":[1,0],"1":[1,1],"2":[0,1]},"_coverageSchema":"d34fc3e6b8297bcde183f5492bcb8fcb36775295","hash":"e202a916cb38fb0adf522e95a72cbaf65d0c5926","contentHash":"baf86b633652f5f911af162fb1d571ba_12.0.2"},"/home/coding-muse/Documents/MealApp/server/config/database.js":{"path":"/home/coding-muse/Documents/MealApp/server/config/database.js","statementMap":{"0":{"start":{"line":3,"column":0},"end":{"line":5,"column":3}},"1":{"start":{"line":7,"column":14},"end":{"line":7,"column":31}},"2":{"start":{"line":9,"column":15},"end":{"line":9,"column":46}},"3":{"start":{"line":11,"column":17},"end":{"line":11,"column":37}},"4":{"start":{"line":13,"column":14},"end":{"line":13,"column":33}},"5":{"start":{"line":15,"column":15},"end":{"line":15,"column":46}},"6":{"start":{"line":17,"column":39},"end":{"line":17,"column":93}},"7":{"start":{"line":19,"column":0},"end":{"line":19,"column":26}},"8":{"start":{"line":20,"column":15},"end":{"line":20,"column":17}},"9":{"start":{"line":21,"column":23},"end":{"line":56,"column":1}},"10":{"start":{"line":57,"column":0},"end":{"line":73,"column":2}},"11":{"start":{"line":74,"column":0},"end":{"line":74,"column":40}},"12":{"start":{"line":76,"column":0},"end":{"line":76,"column":27}}},"fnMap":{"0":{"name":"_interopRequireDefault","decl":{"start":{"line":17,"column":9},"end":{"line":17,"column":31}},"loc":{"start":{"line":17,"column":37},"end":{"line":17,"column":95}},"line":17}},"branchMap":{"0":{"loc":{"start":{"line":17,"column":46},"end":{"line":17,"column":92}},"type":"cond-expr","locations":[{"start":{"line":17,"column":70},"end":{"line":17,"column":73}},{"start":{"line":17,"column":76},"end":{"line":17,"column":92}}],"line":17},"1":{"loc":{"start":{"line":17,"column":46},"end":{"line":17,"column":67}},"type":"binary-expr","locations":[{"start":{"line":17,"column":46},"end":{"line":17,"column":49}},{"start":{"line":17,"column":53},"end":{"line":17,"column":67}}],"line":17}},"s":{"0":1,"1":1,"2":1,"3":1,"4":1,"5":1,"6":2,"7":1,"8":1,"9":1,"10":1,"11":1,"12":1},"f":{"0":2},"b":{"0":[0,2],"1":[2,2]},"_coverageSchema":"d34fc3e6b8297bcde183f5492bcb8fcb36775295","hash":"d53f5ce8b9417e476225beb5b7c96fbd122f1694","contentHash":"0d3760b42b6159c8ba8aabd9ffdc9a50_12.0.2"},"/home/coding-muse/Documents/MealApp/server/config/config.js":{"path":"/home/coding-muse/Documents/MealApp/server/config/config.js","statementMap":{"0":{"start":{"line":4,"column":0},"end":{"line":4,"column":27}},"1":{"start":{"line":6,"column":0},"end":{"line":35,"column":2}}},"fnMap":{},"branchMap":{},"s":{"0":1,"1":1},"f":{},"b":{},"_coverageSchema":"d34fc3e6b8297bcde183f5492bcb8fcb36775295","hash":"df08058bc646fc6ff94bd47d742cffdd290dc90f","contentHash":"2e69d1e9c3eca14b35fb9bc985665b53_12.0.2"},"/home/coding-muse/Documents/MealApp/server/database/models/meal.js":{"path":"/home/coding-muse/Documents/MealApp/server/database/models/meal.js","statementMap":{"0":{"start":{"line":3,"column":0},"end":{"line":5,"column":3}},"1":{"start":{"line":6,"column":11},"end":{"line":40,"column":1}},"2":{"start":{"line":7,"column":13},"end":{"line":28,"column":4}},"3":{"start":{"line":29,"column":2},"end":{"line":38,"column":4}},"4":{"start":{"line":30,"column":4},"end":{"line":33,"column":7}},"5":{"start":{"line":34,"column":4},"end":{"line":37,"column":7}},"6":{"start":{"line":39,"column":2},"end":{"line":39,"column":14}},"7":{"start":{"line":42,"column":0},"end":{"line":42,"column":23}}},"fnMap":{"0":{"name":"meal","decl":{"start":{"line":6,"column":20},"end":{"line":6,"column":24}},"loc":{"start":{"line":6,"column":47},"end":{"line":40,"column":1}},"line":6},"1":{"name":"(anonymous_1)","decl":{"start":{"line":29,"column":19},"end":{"line":29,"column":20}},"loc":{"start":{"line":29,"column":37},"end":{"line":38,"column":3}},"line":29}},"branchMap":{},"s":{"0":1,"1":1,"2":1,"3":1,"4":1,"5":1,"6":1,"7":1},"f":{"0":1,"1":1},"b":{},"_coverageSchema":"d34fc3e6b8297bcde183f5492bcb8fcb36775295","hash":"4b9b80761dccff648af88108afb3b354d799f3e7","contentHash":"78b2df8faff9e45e1d495a94eeeb1e53_12.0.2"},"/home/coding-muse/Documents/MealApp/server/database/models/order.js":{"path":"/home/coding-muse/Documents/MealApp/server/database/models/order.js","statementMap":{"0":{"start":{"line":3,"column":0},"end":{"line":5,"column":3}},"1":{"start":{"line":7,"column":0},"end":{"line":43,"column":2}},"2":{"start":{"line":8,"column":14},"end":{"line":27,"column":4}},"3":{"start":{"line":28,"column":2},"end":{"line":41,"column":4}},"4":{"start":{"line":29,"column":4},"end":{"line":32,"column":7}},"5":{"start":{"line":33,"column":4},"end":{"line":36,"column":7}},"6":{"start":{"line":37,"column":4},"end":{"line":40,"column":7}},"7":{"start":{"line":42,"column":2},"end":{"line":42,"column":15}}},"fnMap":{"0":{"name":"(anonymous_0)","decl":{"start":{"line":7,"column":18},"end":{"line":7,"column":19}},"loc":{"start":{"line":7,"column":50},"end":{"line":43,"column":1}},"line":7},"1":{"name":"(anonymous_1)","decl":{"start":{"line":28,"column":20},"end":{"line":28,"column":21}},"loc":{"start":{"line":28,"column":38},"end":{"line":41,"column":3}},"line":28}},"branchMap":{},"s":{"0":1,"1":1,"2":1,"3":1,"4":1,"5":1,"6":1,"7":1},"f":{"0":1,"1":1},"b":{},"_coverageSchema":"d34fc3e6b8297bcde183f5492bcb8fcb36775295","hash":"0cfafba0872e3843ebc21330c025e20711d2a87e","contentHash":"2489e40a7c5a81addc40176282d849c9_12.0.2"},"/home/coding-muse/Documents/MealApp/server/database/models/role.js":{"path":"/home/coding-muse/Documents/MealApp/server/database/models/role.js","statementMap":{"0":{"start":{"line":3,"column":0},"end":{"line":5,"column":3}},"1":{"start":{"line":6,"column":11},"end":{"line":37,"column":1}},"2":{"start":{"line":7,"column":13},"end":{"line":29,"column":4}},"3":{"start":{"line":30,"column":2},"end":{"line":35,"column":4}},"4":{"start":{"line":31,"column":4},"end":{"line":34,"column":7}},"5":{"start":{"line":36,"column":2},"end":{"line":36,"column":14}},"6":{"start":{"line":39,"column":0},"end":{"line":39,"column":23}}},"fnMap":{"0":{"name":"role","decl":{"start":{"line":6,"column":20},"end":{"line":6,"column":24}},"loc":{"start":{"line":6,"column":47},"end":{"line":37,"column":1}},"line":6},"1":{"name":"(anonymous_1)","decl":{"start":{"line":30,"column":19},"end":{"line":30,"column":20}},"loc":{"start":{"line":30,"column":37},"end":{"line":35,"column":3}},"line":30}},"branchMap":{},"s":{"0":1,"1":1,"2":1,"3":1,"4":1,"5":1,"6":1},"f":{"0":1,"1":1},"b":{},"_coverageSchema":"d34fc3e6b8297bcde183f5492bcb8fcb36775295","hash":"3961744ccfc9ac7a21500e0eb7f6be38807c3897","contentHash":"c8f4dac126e4c9475efd36d17e4b92a9_12.0.2"},"/home/coding-muse/Documents/MealApp/server/database/models/user.js":{"path":"/home/coding-muse/Documents/MealApp/server/database/models/user.js","statementMap":{"0":{"start":{"line":3,"column":0},"end":{"line":5,"column":3}},"1":{"start":{"line":6,"column":11},"end":{"line":52,"column":1}},"2":{"start":{"line":7,"column":13},"end":{"line":40,"column":4}},"3":{"start":{"line":41,"column":2},"end":{"line":50,"column":4}},"4":{"start":{"line":42,"column":4},"end":{"line":45,"column":7}},"5":{"start":{"line":46,"column":4},"end":{"line":49,"column":7}},"6":{"start":{"line":51,"column":2},"end":{"line":51,"column":14}},"7":{"start":{"line":54,"column":0},"end":{"line":54,"column":23}}},"fnMap":{"0":{"name":"user","decl":{"start":{"line":6,"column":20},"end":{"line":6,"column":24}},"loc":{"start":{"line":6,"column":47},"end":{"line":52,"column":1}},"line":6},"1":{"name":"(anonymous_1)","decl":{"start":{"line":41,"column":19},"end":{"line":41,"column":20}},"loc":{"start":{"line":41,"column":37},"end":{"line":50,"column":3}},"line":41}},"branchMap":{},"s":{"0":1,"1":1,"2":1,"3":1,"4":1,"5":1,"6":1,"7":1},"f":{"0":1,"1":1},"b":{},"_coverageSchema":"d34fc3e6b8297bcde183f5492bcb8fcb36775295","hash":"e42cbc182997241951aa19f85f010d212d7c5401","contentHash":"e3be8243de58959c268daa02a499a210_12.0.2"},"/home/coding-muse/Documents/MealApp/server/utils/create-token.js":{"path":"/home/coding-muse/Documents/MealApp/server/utils/create-token.js","statementMap":{"0":{"start":{"line":3,"column":0},"end":{"line":5,"column":3}},"1":{"start":{"line":7,"column":19},"end":{"line":7,"column":563}},"2":{"start":{"line":7,"column":76},"end":{"line":7,"column":347}},"3":{"start":{"line":7,"column":134},"end":{"line":7,"column":142}},"4":{"start":{"line":7,"column":144},"end":{"line":7,"column":199}},"5":{"start":{"line":7,"column":200},"end":{"line":7,"column":231}},"6":{"start":{"line":7,"column":232},"end":{"line":7,"column":286}},"7":{"start":{"line":7,"column":259},"end":{"line":7,"column":286}},"8":{"start":{"line":7,"column":287},"end":{"line":7,"column":345}},"9":{"start":{"line":7,"column":350},"end":{"line":7,"column":559}},"10":{"start":{"line":7,"column":407},"end":{"line":7,"column":475}},"11":{"start":{"line":7,"column":423},"end":{"line":7,"column":475}},"12":{"start":{"line":7,"column":476},"end":{"line":7,"column":536}},"13":{"start":{"line":7,"column":493},"end":{"line":7,"column":536}},"14":{"start":{"line":7,"column":537},"end":{"line":7,"column":556}},"15":{"start":{"line":9,"column":20},"end":{"line":9,"column":43}},"16":{"start":{"line":11,"column":21},"end":{"line":11,"column":58}},"17":{"start":{"line":13,"column":39},"end":{"line":13,"column":93}},"18":{"start":{"line":15,"column":50},"end":{"line":15,"column":151}},"19":{"start":{"line":15,"column":92},"end":{"line":15,"column":149}},"20":{"start":{"line":22,"column":18},"end":{"line":44,"column":3}},"21":{"start":{"line":24,"column":4},"end":{"line":24,"column":39}},"22":{"start":{"line":27,"column":2},"end":{"line":41,"column":6}},"23":{"start":{"line":37,"column":22},"end":{"line":37,"column":88}},"24":{"start":{"line":39,"column":6},"end":{"line":39,"column":23}},"25":{"start":{"line":43,"column":2},"end":{"line":43,"column":21}},"26":{"start":{"line":46,"column":0},"end":{"line":46,"column":30}}},"fnMap":{"0":{"name":"(anonymous_0)","decl":{"start":{"line":7,"column":19},"end":{"line":7,"column":20}},"loc":{"start":{"line":7,"column":31},"end":{"line":7,"column":561}},"line":7},"1":{"name":"defineProperties","decl":{"start":{"line":7,"column":42},"end":{"line":7,"column":58}},"loc":{"start":{"line":7,"column":74},"end":{"line":7,"column":349}},"line":7},"2":{"name":"(anonymous_2)","decl":{"start":{"line":7,"column":357},"end":{"line":7,"column":358}},"loc":{"start":{"line":7,"column":405},"end":{"line":7,"column":558}},"line":7},"3":{"name":"_interopRequireDefault","decl":{"start":{"line":13,"column":9},"end":{"line":13,"column":31}},"loc":{"start":{"line":13,"column":37},"end":{"line":13,"column":95}},"line":13},"4":{"name":"_classCallCheck","decl":{"start":{"line":15,"column":9},"end":{"line":15,"column":24}},"loc":{"start":{"line":15,"column":48},"end":{"line":15,"column":153}},"line":15},"5":{"name":"(anonymous_5)","decl":{"start":{"line":22,"column":18},"end":{"line":22,"column":19}},"loc":{"start":{"line":22,"column":30},"end":{"line":44,"column":1}},"line":22},"6":{"name":"createToken","decl":{"start":{"line":23,"column":11},"end":{"line":23,"column":22}},"loc":{"start":{"line":23,"column":25},"end":{"line":25,"column":3}},"line":23},"7":{"name":"token","decl":{"start":{"line":36,"column":20},"end":{"line":36,"column":25}},"loc":{"start":{"line":36,"column":43},"end":{"line":40,"column":5}},"line":36}},"branchMap":{"0":{"loc":{"start":{"line":7,"column":168},"end":{"line":7,"column":198}},"type":"binary-expr","locations":[{"start":{"line":7,"column":168},"end":{"line":7,"column":189}},{"start":{"line":7,"column":193},"end":{"line":7,"column":198}}],"line":7},"1":{"loc":{"start":{"line":7,"column":232},"end":{"line":7,"column":286}},"type":"if","locations":[{"start":{"line":7,"column":232},"end":{"line":7,"column":286}},{"start":{"line":7,"column":232},"end":{"line":7,"column":286}}],"line":7},"2":{"loc":{"start":{"line":7,"column":407},"end":{"line":7,"column":475}},"type":"if","locations":[{"start":{"line":7,"column":407},"end":{"line":7,"column":475}},{"start":{"line":7,"column":407},"end":{"line":7,"column":475}}],"line":7},"3":{"loc":{"start":{"line":7,"column":476},"end":{"line":7,"column":536}},"type":"if","locations":[{"start":{"line":7,"column":476},"end":{"line":7,"column":536}},{"start":{"line":7,"column":476},"end":{"line":7,"column":536}}],"line":7},"4":{"loc":{"start":{"line":13,"column":46},"end":{"line":13,"column":92}},"type":"cond-expr","locations":[{"start":{"line":13,"column":70},"end":{"line":13,"column":73}},{"start":{"line":13,"column":76},"end":{"line":13,"column":92}}],"line":13},"5":{"loc":{"start":{"line":13,"column":46},"end":{"line":13,"column":67}},"type":"binary-expr","locations":[{"start":{"line":13,"column":46},"end":{"line":13,"column":49}},{"start":{"line":13,"column":53},"end":{"line":13,"column":67}}],"line":13},"6":{"loc":{"start":{"line":15,"column":50},"end":{"line":15,"column":151}},"type":"if","locations":[{"start":{"line":15,"column":50},"end":{"line":15,"column":151}},{"start":{"line":15,"column":50},"end":{"line":15,"column":151}}],"line":15}},"s":{"0":1,"1":1,"2":1,"3":1,"4":1,"5":1,"6":1,"7":1,"8":1,"9":1,"10":1,"11":0,"12":1,"13":1,"14":1,"15":1,"16":1,"17":1,"18":0,"19":0,"20":1,"21":0,"22":1,"23":3,"24":3,"25":1,"26":1},"f":{"0":1,"1":1,"2":1,"3":1,"4":0,"5":1,"6":0,"7":3},"b":{"0":[1,1],"1":[1,0],"2":[0,1],"3":[1,0],"4":[0,1],"5":[1,1],"6":[0,0]},"_coverageSchema":"d34fc3e6b8297bcde183f5492bcb8fcb36775295","hash":"5f0d3c8549072e0c340944cf36752f3b8762c3ec","contentHash":"cbce120997cbbad36c301286352637a9_12.0.2"},"/home/coding-muse/Documents/MealApp/server/utils/hash-password.js":{"path":"/home/coding-muse/Documents/MealApp/server/utils/hash-password.js","statementMap":{"0":{"start":{"line":3,"column":0},"end":{"line":5,"column":3}},"1":{"start":{"line":7,"column":14},"end":{"line":7,"column":31}},"2":{"start":{"line":9,"column":15},"end":{"line":9,"column":46}},"3":{"start":{"line":11,"column":39},"end":{"line":11,"column":93}},"4":{"start":{"line":13,"column":15},"end":{"line":13,"column":17}},"5":{"start":{"line":15,"column":19},"end":{"line":19,"column":1}},"6":{"start":{"line":16,"column":13},"end":{"line":16,"column":45}},"7":{"start":{"line":17,"column":2},"end":{"line":17,"column":50}},"8":{"start":{"line":18,"column":2},"end":{"line":18,"column":18}},"9":{"start":{"line":21,"column":0},"end":{"line":21,"column":31}}},"fnMap":{"0":{"name":"_interopRequireDefault","decl":{"start":{"line":11,"column":9},"end":{"line":11,"column":31}},"loc":{"start":{"line":11,"column":37},"end":{"line":11,"column":95}},"line":11},"1":{"name":"hashPassword","decl":{"start":{"line":15,"column":28},"end":{"line":15,"column":40}},"loc":{"start":{"line":15,"column":46},"end":{"line":19,"column":1}},"line":15}},"branchMap":{"0":{"loc":{"start":{"line":11,"column":46},"end":{"line":11,"column":92}},"type":"cond-expr","locations":[{"start":{"line":11,"column":70},"end":{"line":11,"column":73}},{"start":{"line":11,"column":76},"end":{"line":11,"column":92}}],"line":11},"1":{"loc":{"start":{"line":11,"column":46},"end":{"line":11,"column":67}},"type":"binary-expr","locations":[{"start":{"line":11,"column":46},"end":{"line":11,"column":49}},{"start":{"line":11,"column":53},"end":{"line":11,"column":67}}],"line":11}},"s":{"0":1,"1":1,"2":1,"3":1,"4":1,"5":1,"6":2,"7":2,"8":2,"9":1},"f":{"0":1,"1":2},"b":{"0":[0,1],"1":[1,1]},"_coverageSchema":"d34fc3e6b8297bcde183f5492bcb8fcb36775295","hash":"41bd2f1a6ebf6edb94bcd6b15708cab475a4ec76","contentHash":"cdcaec853e2bc31bae1ad8848bbb69dc_12.0.2"},"/home/coding-muse/Documents/MealApp/server/utils/valid-password.js":{"path":"/home/coding-muse/Documents/MealApp/server/utils/valid-password.js","statementMap":{"0":{"start":{"line":3,"column":0},"end":{"line":5,"column":3}},"1":{"start":{"line":7,"column":14},"end":{"line":7,"column":31}},"2":{"start":{"line":9,"column":15},"end":{"line":9,"column":46}},"3":{"start":{"line":11,"column":39},"end":{"line":11,"column":93}},"4":{"start":{"line":13,"column":20},"end":{"line":16,"column":1}},"5":{"start":{"line":14,"column":16},"end":{"line":14,"column":68}},"6":{"start":{"line":15,"column":2},"end":{"line":15,"column":17}},"7":{"start":{"line":18,"column":0},"end":{"line":18,"column":32}}},"fnMap":{"0":{"name":"_interopRequireDefault","decl":{"start":{"line":11,"column":9},"end":{"line":11,"column":31}},"loc":{"start":{"line":11,"column":37},"end":{"line":11,"column":95}},"line":11},"1":{"name":"validPassword","decl":{"start":{"line":13,"column":29},"end":{"line":13,"column":42}},"loc":{"start":{"line":13,"column":67},"end":{"line":16,"column":1}},"line":13}},"branchMap":{"0":{"loc":{"start":{"line":11,"column":46},"end":{"line":11,"column":92}},"type":"cond-expr","locations":[{"start":{"line":11,"column":70},"end":{"line":11,"column":73}},{"start":{"line":11,"column":76},"end":{"line":11,"column":92}}],"line":11},"1":{"loc":{"start":{"line":11,"column":46},"end":{"line":11,"column":67}},"type":"binary-expr","locations":[{"start":{"line":11,"column":46},"end":{"line":11,"column":49}},{"start":{"line":11,"column":53},"end":{"line":11,"column":67}}],"line":11}},"s":{"0":1,"1":1,"2":1,"3":1,"4":1,"5":3,"6":3,"7":1},"f":{"0":1,"1":3},"b":{"0":[0,1],"1":[1,1]},"_coverageSchema":"d34fc3e6b8297bcde183f5492bcb8fcb36775295","hash":"d1239ba372025907a00b5c8f715742597954ba4a","contentHash":"b2391527ddba95443b0ea50f109d267f_12.0.2"},"/home/coding-muse/Documents/MealApp/server/middlewares/validators/user.js":{"path":"/home/coding-muse/Documents/MealApp/server/middlewares/validators/user.js","statementMap":{"0":{"start":{"line":3,"column":0},"end":{"line":5,"column":3}},"1":{"start":{"line":7,"column":19},"end":{"line":7,"column":53}},"2":{"start":{"line":9,"column":20},"end":{"line":9,"column":56}},"3":{"start":{"line":11,"column":39},"end":{"line":11,"column":93}},"4":{"start":{"line":13,"column":16},"end":{"line":13,"column":18}},"5":{"start":{"line":15,"column":0},"end":{"line":26,"column":2}},"6":{"start":{"line":16,"column":2},"end":{"line":16,"column":93}},"7":{"start":{"line":17,"column":2},"end":{"line":17,"column":92}},"8":{"start":{"line":18,"column":2},"end":{"line":18,"column":108}},"9":{"start":{"line":19,"column":2},"end":{"line":19,"column":76}},"10":{"start":{"line":20,"column":2},"end":{"line":20,"column":102}},"11":{"start":{"line":21,"column":2},"end":{"line":21,"column":84}},"12":{"start":{"line":22,"column":2},"end":{"line":22,"column":92}},"13":{"start":{"line":23,"column":2},"end":{"line":25,"column":5}},"14":{"start":{"line":24,"column":4},"end":{"line":24,"column":150}},"15":{"start":{"line":28,"column":0},"end":{"line":34,"column":2}},"16":{"start":{"line":29,"column":2},"end":{"line":29,"column":85}},"17":{"start":{"line":30,"column":2},"end":{"line":30,"column":93}},"18":{"start":{"line":31,"column":2},"end":{"line":33,"column":5}},"19":{"start":{"line":32,"column":4},"end":{"line":32,"column":150}},"20":{"start":{"line":35,"column":0},"end":{"line":35,"column":28}}},"fnMap":{"0":{"name":"_interopRequireDefault","decl":{"start":{"line":11,"column":9},"end":{"line":11,"column":31}},"loc":{"start":{"line":11,"column":37},"end":{"line":11,"column":95}},"line":11},"1":{"name":"(anonymous_1)","decl":{"start":{"line":15,"column":19},"end":{"line":15,"column":20}},"loc":{"start":{"line":15,"column":45},"end":{"line":26,"column":1}},"line":15},"2":{"name":"(anonymous_2)","decl":{"start":{"line":23,"column":47},"end":{"line":23,"column":48}},"loc":{"start":{"line":23,"column":65},"end":{"line":25,"column":3}},"line":23},"3":{"name":"(anonymous_3)","decl":{"start":{"line":28,"column":18},"end":{"line":28,"column":19}},"loc":{"start":{"line":28,"column":44},"end":{"line":34,"column":1}},"line":28},"4":{"name":"(anonymous_4)","decl":{"start":{"line":31,"column":47},"end":{"line":31,"column":48}},"loc":{"start":{"line":31,"column":65},"end":{"line":33,"column":3}},"line":31}},"branchMap":{"0":{"loc":{"start":{"line":11,"column":46},"end":{"line":11,"column":92}},"type":"cond-expr","locations":[{"start":{"line":11,"column":70},"end":{"line":11,"column":73}},{"start":{"line":11,"column":76},"end":{"line":11,"column":92}}],"line":11},"1":{"loc":{"start":{"line":11,"column":46},"end":{"line":11,"column":67}},"type":"binary-expr","locations":[{"start":{"line":11,"column":46},"end":{"line":11,"column":49}},{"start":{"line":11,"column":53},"end":{"line":11,"column":67}}],"line":11}},"s":{"0":1,"1":1,"2":1,"3":1,"4":1,"5":1,"6":3,"7":3,"8":3,"9":3,"10":3,"11":3,"12":3,"13":3,"14":1,"15":1,"16":5,"17":5,"18":5,"19":1,"20":1},"f":{"0":1,"1":3,"2":1,"3":5,"4":1},"b":{"0":[1,0],"1":[1,1]},"_coverageSchema":"d34fc3e6b8297bcde183f5492bcb8fcb36775295","hash":"60c893245df15b387c326acd319b1e5a39e0d90c","contentHash":"18dcc41f42be8eb07df1989adc55f282_12.0.2"},"/home/coding-muse/Documents/MealApp/server/routes/api/v1/meal.js":{"path":"/home/coding-muse/Documents/MealApp/server/routes/api/v1/meal.js","statementMap":{"0":{"start":{"line":3,"column":0},"end":{"line":5,"column":3}},"1":{"start":{"line":7,"column":15},"end":{"line":7,"column":33}},"2":{"start":{"line":9,"column":16},"end":{"line":9,"column":48}},"3":{"start":{"line":11,"column":12},"end":{"line":11,"column":48}},"4":{"start":{"line":13,"column":13},"end":{"line":13,"column":42}},"5":{"start":{"line":15,"column":13},"end":{"line":15,"column":60}},"6":{"start":{"line":17,"column":13},"end":{"line":17,"column":43}},"7":{"start":{"line":19,"column":12},"end":{"line":19,"column":48}},"8":{"start":{"line":21,"column":13},"end":{"line":21,"column":42}},"9":{"start":{"line":23,"column":13},"end":{"line":23,"column":61}},"10":{"start":{"line":25,"column":13},"end":{"line":25,"column":43}},"11":{"start":{"line":27,"column":39},"end":{"line":27,"column":93}},"12":{"start":{"line":29,"column":13},"end":{"line":29,"column":39}},"13":{"start":{"line":30,"column":0},"end":{"line":30,"column":121}},"14":{"start":{"line":31,"column":0},"end":{"line":31,"column":93}},"15":{"start":{"line":32,"column":0},"end":{"line":32,"column":121}},"16":{"start":{"line":33,"column":0},"end":{"line":33,"column":126}},"17":{"start":{"line":35,"column":0},"end":{"line":35,"column":25}}},"fnMap":{"0":{"name":"_interopRequireDefault","decl":{"start":{"line":27,"column":9},"end":{"line":27,"column":31}},"loc":{"start":{"line":27,"column":37},"end":{"line":27,"column":95}},"line":27}},"branchMap":{"0":{"loc":{"start":{"line":27,"column":46},"end":{"line":27,"column":92}},"type":"cond-expr","locations":[{"start":{"line":27,"column":70},"end":{"line":27,"column":73}},{"start":{"line":27,"column":76},"end":{"line":27,"column":92}}],"line":27},"1":{"loc":{"start":{"line":27,"column":46},"end":{"line":27,"column":67}},"type":"binary-expr","locations":[{"start":{"line":27,"column":46},"end":{"line":27,"column":49}},{"start":{"line":27,"column":53},"end":{"line":27,"column":67}}],"line":27}},"s":{"0":1,"1":1,"2":1,"3":1,"4":1,"5":1,"6":1,"7":1,"8":1,"9":1,"10":1,"11":5,"12":1,"13":1,"14":1,"15":1,"16":1,"17":1},"f":{"0":5},"b":{"0":[3,2],"1":[5,5]},"_coverageSchema":"d34fc3e6b8297bcde183f5492bcb8fcb36775295","hash":"4092b2404e4a032c6f4c9ce08d3e0daa16ca0d1a","contentHash":"f2e2706863c4ec847f6ae3842d2ff7e6_12.0.2"},"/home/coding-muse/Documents/MealApp/server/controllers/meal.js":{"path":"/home/coding-muse/Documents/MealApp/server/controllers/meal.js","statementMap":{"0":{"start":{"line":3,"column":0},"end":{"line":5,"column":3}},"1":{"start":{"line":7,"column":19},"end":{"line":7,"column":563}},"2":{"start":{"line":7,"column":76},"end":{"line":7,"column":347}},"3":{"start":{"line":7,"column":134},"end":{"line":7,"column":142}},"4":{"start":{"line":7,"column":144},"end":{"line":7,"column":199}},"5":{"start":{"line":7,"column":200},"end":{"line":7,"column":231}},"6":{"start":{"line":7,"column":232},"end":{"line":7,"column":286}},"7":{"start":{"line":7,"column":259},"end":{"line":7,"column":286}},"8":{"start":{"line":7,"column":287},"end":{"line":7,"column":345}},"9":{"start":{"line":7,"column":350},"end":{"line":7,"column":559}},"10":{"start":{"line":7,"column":407},"end":{"line":7,"column":475}},"11":{"start":{"line":7,"column":423},"end":{"line":7,"column":475}},"12":{"start":{"line":7,"column":476},"end":{"line":7,"column":536}},"13":{"start":{"line":7,"column":493},"end":{"line":7,"column":536}},"14":{"start":{"line":7,"column":537},"end":{"line":7,"column":556}},"15":{"start":{"line":9,"column":19},"end":{"line":9,"column":50}},"16":{"start":{"line":11,"column":20},"end":{"line":11,"column":56}},"17":{"start":{"line":13,"column":12},"end":{"line":13,"column":41}},"18":{"start":{"line":15,"column":13},"end":{"line":15,"column":42}},"19":{"start":{"line":17,"column":39},"end":{"line":17,"column":93}},"20":{"start":{"line":19,"column":50},"end":{"line":19,"column":151}},"21":{"start":{"line":19,"column":92},"end":{"line":19,"column":149}},"22":{"start":{"line":26,"column":21},"end":{"line":129,"column":3}},"23":{"start":{"line":28,"column":4},"end":{"line":28,"column":42}},"24":{"start":{"line":31,"column":2},"end":{"line":126,"column":6}},"25":{"start":{"line":44,"column":17},"end":{"line":44,"column":30}},"26":{"start":{"line":46,"column":6},"end":{"line":46,"column":40}},"27":{"start":{"line":49,"column":6},"end":{"line":49,"column":41}},"28":{"start":{"line":50,"column":6},"end":{"line":50,"column":52}},"29":{"start":{"line":52,"column":6},"end":{"line":57,"column":7}},"30":{"start":{"line":53,"column":25},"end":{"line":53,"column":62}},"31":{"start":{"line":54,"column":8},"end":{"line":54,"column":75}},"32":{"start":{"line":56,"column":8},"end":{"line":56,"column":88}},"33":{"start":{"line":73,"column":6},"end":{"line":79,"column":7}},"34":{"start":{"line":74,"column":21},"end":{"line":74,"column":40}},"35":{"start":{"line":75,"column":23},"end":{"line":75,"column":60}},"36":{"start":{"line":76,"column":8},"end":{"line":76,"column":73}},"37":{"start":{"line":78,"column":8},"end":{"line":78,"column":88}},"38":{"start":{"line":95,"column":17},"end":{"line":95,"column":30}},"39":{"start":{"line":96,"column":19},"end":{"line":96,"column":38}},"40":{"start":{"line":98,"column":6},"end":{"line":103,"column":7}},"41":{"start":{"line":99,"column":25},"end":{"line":99,"column":85}},"42":{"start":{"line":100,"column":8},"end":{"line":100,"column":75}},"43":{"start":{"line":102,"column":8},"end":{"line":102,"column":88}},"44":{"start":{"line":119,"column":6},"end":{"line":124,"column":7}},"45":{"start":{"line":120,"column":25},"end":{"line":120,"column":71}},"46":{"start":{"line":121,"column":8},"end":{"line":121,"column":75}},"47":{"start":{"line":123,"column":8},"end":{"line":123,"column":88}},"48":{"start":{"line":128,"column":2},"end":{"line":128,"column":24}},"49":{"start":{"line":131,"column":0},"end":{"line":131,"column":33}}},"fnMap":{"0":{"name":"(anonymous_0)","decl":{"start":{"line":7,"column":19},"end":{"line":7,"column":20}},"loc":{"start":{"line":7,"column":31},"end":{"line":7,"column":561}},"line":7},"1":{"name":"defineProperties","decl":{"start":{"line":7,"column":42},"end":{"line":7,"column":58}},"loc":{"start":{"line":7,"column":74},"end":{"line":7,"column":349}},"line":7},"2":{"name":"(anonymous_2)","decl":{"start":{"line":7,"column":357},"end":{"line":7,"column":358}},"loc":{"start":{"line":7,"column":405},"end":{"line":7,"column":558}},"line":7},"3":{"name":"_interopRequireDefault","decl":{"start":{"line":17,"column":9},"end":{"line":17,"column":31}},"loc":{"start":{"line":17,"column":37},"end":{"line":17,"column":95}},"line":17},"4":{"name":"_classCallCheck","decl":{"start":{"line":19,"column":9},"end":{"line":19,"column":24}},"loc":{"start":{"line":19,"column":48},"end":{"line":19,"column":153}},"line":19},"5":{"name":"(anonymous_5)","decl":{"start":{"line":26,"column":21},"end":{"line":26,"column":22}},"loc":{"start":{"line":26,"column":33},"end":{"line":129,"column":1}},"line":26},"6":{"name":"mealController","decl":{"start":{"line":27,"column":11},"end":{"line":27,"column":25}},"loc":{"start":{"line":27,"column":28},"end":{"line":29,"column":3}},"line":27},"7":{"name":"createMeal","decl":{"start":{"line":43,"column":26},"end":{"line":43,"column":36}},"loc":{"start":{"line":43,"column":47},"end":{"line":58,"column":5}},"line":43},"8":{"name":"getMeals","decl":{"start":{"line":72,"column":26},"end":{"line":72,"column":34}},"loc":{"start":{"line":72,"column":45},"end":{"line":80,"column":5}},"line":72},"9":{"name":"updateMeal","decl":{"start":{"line":94,"column":26},"end":{"line":94,"column":36}},"loc":{"start":{"line":94,"column":47},"end":{"line":104,"column":5}},"line":94},"10":{"name":"deleteMeal","decl":{"start":{"line":118,"column":26},"end":{"line":118,"column":36}},"loc":{"start":{"line":118,"column":47},"end":{"line":125,"column":5}},"line":118}},"branchMap":{"0":{"loc":{"start":{"line":7,"column":168},"end":{"line":7,"column":198}},"type":"binary-expr","locations":[{"start":{"line":7,"column":168},"end":{"line":7,"column":189}},{"start":{"line":7,"column":193},"end":{"line":7,"column":198}}],"line":7},"1":{"loc":{"start":{"line":7,"column":232},"end":{"line":7,"column":286}},"type":"if","locations":[{"start":{"line":7,"column":232},"end":{"line":7,"column":286}},{"start":{"line":7,"column":232},"end":{"line":7,"column":286}}],"line":7},"2":{"loc":{"start":{"line":7,"column":407},"end":{"line":7,"column":475}},"type":"if","locations":[{"start":{"line":7,"column":407},"end":{"line":7,"column":475}},{"start":{"line":7,"column":407},"end":{"line":7,"column":475}}],"line":7},"3":{"loc":{"start":{"line":7,"column":476},"end":{"line":7,"column":536}},"type":"if","locations":[{"start":{"line":7,"column":476},"end":{"line":7,"column":536}},{"start":{"line":7,"column":476},"end":{"line":7,"column":536}}],"line":7},"4":{"loc":{"start":{"line":17,"column":46},"end":{"line":17,"column":92}},"type":"cond-expr","locations":[{"start":{"line":17,"column":70},"end":{"line":17,"column":73}},{"start":{"line":17,"column":76},"end":{"line":17,"column":92}}],"line":17},"5":{"loc":{"start":{"line":17,"column":46},"end":{"line":17,"column":67}},"type":"binary-expr","locations":[{"start":{"line":17,"column":46},"end":{"line":17,"column":49}},{"start":{"line":17,"column":53},"end":{"line":17,"column":67}}],"line":17},"6":{"loc":{"start":{"line":19,"column":50},"end":{"line":19,"column":151}},"type":"if","locations":[{"start":{"line":19,"column":50},"end":{"line":19,"column":151}},{"start":{"line":19,"column":50},"end":{"line":19,"column":151}}],"line":19},"7":{"loc":{"start":{"line":49,"column":20},"end":{"line":49,"column":40}},"type":"binary-expr","locations":[{"start":{"line":49,"column":20},"end":{"line":49,"column":31}},{"start":{"line":49,"column":35},"end":{"line":49,"column":40}}],"line":49},"8":{"loc":{"start":{"line":50,"column":18},"end":{"line":50,"column":51}},"type":"cond-expr","locations":[{"start":{"line":50,"column":30},"end":{"line":50,"column":39}},{"start":{"line":50,"column":42},"end":{"line":50,"column":51}}],"line":50}},"s":{"0":1,"1":1,"2":1,"3":4,"4":4,"5":4,"6":4,"7":4,"8":4,"9":1,"10":1,"11":0,"12":1,"13":1,"14":1,"15":1,"16":1,"17":1,"18":1,"19":2,"20":0,"21":0,"22":1,"23":0,"24":1,"25":1,"26":1,"27":1,"28":1,"29":1,"30":1,"31":1,"32":0,"33":1,"34":1,"35":1,"36":1,"37":0,"38":2,"39":2,"40":2,"41":2,"42":1,"43":1,"44":2,"45":2,"46":1,"47":1,"48":1,"49":1},"f":{"0":1,"1":1,"2":1,"3":2,"4":0,"5":1,"6":0,"7":1,"8":1,"9":2,"10":2},"b":{"0":[4,4],"1":[4,0],"2":[0,1],"3":[1,0],"4":[2,0],"5":[2,2],"6":[0,0],"7":[1,0],"8":[1,0]},"_coverageSchema":"d34fc3e6b8297bcde183f5492bcb8fcb36775295","hash":"91dde68a453e586081fab98ff319735cce5fb1bc","contentHash":"e874e7a404a97ac90b99294adbc636c3_12.0.2"},"/home/coding-muse/Documents/MealApp/server/processors/meal.js":{"path":"/home/coding-muse/Documents/MealApp/server/processors/meal.js","statementMap":{"0":{"start":{"line":3,"column":0},"end":{"line":5,"column":3}},"1":{"start":{"line":7,"column":19},"end":{"line":7,"column":563}},"2":{"start":{"line":7,"column":76},"end":{"line":7,"column":347}},"3":{"start":{"line":7,"column":134},"end":{"line":7,"column":142}},"4":{"start":{"line":7,"column":144},"end":{"line":7,"column":199}},"5":{"start":{"line":7,"column":200},"end":{"line":7,"column":231}},"6":{"start":{"line":7,"column":232},"end":{"line":7,"column":286}},"7":{"start":{"line":7,"column":259},"end":{"line":7,"column":286}},"8":{"start":{"line":7,"column":287},"end":{"line":7,"column":345}},"9":{"start":{"line":7,"column":350},"end":{"line":7,"column":559}},"10":{"start":{"line":7,"column":407},"end":{"line":7,"column":475}},"11":{"start":{"line":7,"column":423},"end":{"line":7,"column":475}},"12":{"start":{"line":7,"column":476},"end":{"line":7,"column":536}},"13":{"start":{"line":7,"column":493},"end":{"line":7,"column":536}},"14":{"start":{"line":7,"column":537},"end":{"line":7,"column":556}},"15":{"start":{"line":9,"column":14},"end":{"line":9,"column":43}},"16":{"start":{"line":11,"column":15},"end":{"line":11,"column":46}},"17":{"start":{"line":13,"column":39},"end":{"line":13,"column":93}},"18":{"start":{"line":15,"column":50},"end":{"line":15,"column":151}},"19":{"start":{"line":15,"column":92},"end":{"line":15,"column":149}},"20":{"start":{"line":20,"column":20},"end":{"line":134,"column":3}},"21":{"start":{"line":22,"column":4},"end":{"line":22,"column":41}},"22":{"start":{"line":25,"column":2},"end":{"line":131,"column":6}},"23":{"start":{"line":35,"column":6},"end":{"line":46,"column":7}},"24":{"start":{"line":36,"column":26},"end":{"line":36,"column":66}},"25":{"start":{"line":37,"column":19},"end":{"line":40,"column":9}},"26":{"start":{"line":41,"column":8},"end":{"line":41,"column":20}},"27":{"start":{"line":44,"column":18},"end":{"line":44,"column":48}},"28":{"start":{"line":45,"column":8},"end":{"line":45,"column":18}},"29":{"start":{"line":59,"column":6},"end":{"line":69,"column":7}},"30":{"start":{"line":60,"column":20},"end":{"line":60,"column":86}},"31":{"start":{"line":61,"column":19},"end":{"line":63,"column":9}},"32":{"start":{"line":64,"column":8},"end":{"line":64,"column":20}},"33":{"start":{"line":67,"column":18},"end":{"line":67,"column":48}},"34":{"start":{"line":68,"column":8},"end":{"line":68,"column":18}},"35":{"start":{"line":83,"column":6},"end":{"line":99,"column":7}},"36":{"start":{"line":84,"column":26},"end":{"line":84,"column":105}},"37":{"start":{"line":85,"column":8},"end":{"line":89,"column":9}},"38":{"start":{"line":87,"column":20},"end":{"line":87,"column":50}},"39":{"start":{"line":88,"column":10},"end":{"line":88,"column":20}},"40":{"start":{"line":90,"column":19},"end":{"line":93,"column":9}},"41":{"start":{"line":94,"column":8},"end":{"line":94,"column":20}},"42":{"start":{"line":97,"column":19},"end":{"line":97,"column":49}},"43":{"start":{"line":98,"column":8},"end":{"line":98,"column":19}},"44":{"start":{"line":112,"column":6},"end":{"line":129,"column":7}},"45":{"start":{"line":113,"column":19},"end":{"line":113,"column":77}},"46":{"start":{"line":114,"column":8},"end":{"line":114,"column":26}},"47":{"start":{"line":115,"column":8},"end":{"line":119,"column":9}},"48":{"start":{"line":117,"column":20},"end":{"line":117,"column":50}},"49":{"start":{"line":118,"column":10},"end":{"line":118,"column":20}},"50":{"start":{"line":120,"column":19},"end":{"line":123,"column":9}},"51":{"start":{"line":124,"column":8},"end":{"line":124,"column":20}},"52":{"start":{"line":127,"column":20},"end":{"line":127,"column":50}},"53":{"start":{"line":128,"column":8},"end":{"line":128,"column":20}},"54":{"start":{"line":133,"column":2},"end":{"line":133,"column":23}},"55":{"start":{"line":136,"column":0},"end":{"line":136,"column":32}}},"fnMap":{"0":{"name":"(anonymous_0)","decl":{"start":{"line":7,"column":19},"end":{"line":7,"column":20}},"loc":{"start":{"line":7,"column":31},"end":{"line":7,"column":561}},"line":7},"1":{"name":"defineProperties","decl":{"start":{"line":7,"column":42},"end":{"line":7,"column":58}},"loc":{"start":{"line":7,"column":74},"end":{"line":7,"column":349}},"line":7},"2":{"name":"(anonymous_2)","decl":{"start":{"line":7,"column":357},"end":{"line":7,"column":358}},"loc":{"start":{"line":7,"column":405},"end":{"line":7,"column":558}},"line":7},"3":{"name":"_interopRequireDefault","decl":{"start":{"line":13,"column":9},"end":{"line":13,"column":31}},"loc":{"start":{"line":13,"column":37},"end":{"line":13,"column":95}},"line":13},"4":{"name":"_classCallCheck","decl":{"start":{"line":15,"column":9},"end":{"line":15,"column":24}},"loc":{"start":{"line":15,"column":48},"end":{"line":15,"column":153}},"line":15},"5":{"name":"(anonymous_5)","decl":{"start":{"line":20,"column":20},"end":{"line":20,"column":21}},"loc":{"start":{"line":20,"column":32},"end":{"line":134,"column":1}},"line":20},"6":{"name":"mealProcessor","decl":{"start":{"line":21,"column":11},"end":{"line":21,"column":24}},"loc":{"start":{"line":21,"column":27},"end":{"line":23,"column":3}},"line":21},"7":{"name":"createMeal","decl":{"start":{"line":34,"column":26},"end":{"line":34,"column":36}},"loc":{"start":{"line":34,"column":43},"end":{"line":47,"column":5}},"line":34},"8":{"name":"getMeals","decl":{"start":{"line":58,"column":26},"end":{"line":58,"column":34}},"loc":{"start":{"line":58,"column":43},"end":{"line":70,"column":5}},"line":58},"9":{"name":"updateMeal","decl":{"start":{"line":82,"column":26},"end":{"line":82,"column":36}},"loc":{"start":{"line":82,"column":55},"end":{"line":100,"column":5}},"line":82},"10":{"name":"deleteMeal","decl":{"start":{"line":111,"column":26},"end":{"line":111,"column":36}},"loc":{"start":{"line":111,"column":41},"end":{"line":130,"column":5}},"line":111}},"branchMap":{"0":{"loc":{"start":{"line":7,"column":168},"end":{"line":7,"column":198}},"type":"binary-expr","locations":[{"start":{"line":7,"column":168},"end":{"line":7,"column":189}},{"start":{"line":7,"column":193},"end":{"line":7,"column":198}}],"line":7},"1":{"loc":{"start":{"line":7,"column":232},"end":{"line":7,"column":286}},"type":"if","locations":[{"start":{"line":7,"column":232},"end":{"line":7,"column":286}},{"start":{"line":7,"column":232},"end":{"line":7,"column":286}}],"line":7},"2":{"loc":{"start":{"line":7,"column":407},"end":{"line":7,"column":475}},"type":"if","locations":[{"start":{"line":7,"column":407},"end":{"line":7,"column":475}},{"start":{"line":7,"column":407},"end":{"line":7,"column":475}}],"line":7},"3":{"loc":{"start":{"line":7,"column":476},"end":{"line":7,"column":536}},"type":"if","locations":[{"start":{"line
[...]
olumn":151}},"19":{"start":{"line":15,"column":92},"end":{"line":15,"column":149}},"20":{"start":{"line":20,"column":21},"end":{"line":113,"column":3}},"21":{"start":{"line":22,"column":4},"end":{"line":22,"column":42}},"22":{"start":{"line":25,"column":2},"end":{"line":110,"column":6}},"23":{"start":{"line":35,"column":6},"end":{"line":55,"column":7}},"24":{"start":{"line":36,"column":8},"end":{"line":50,"column":9}},"25":{"start":{"line":37,"column":21},"end":{"line":37,"column":89}},"26":{"start":{"line":38,"column":26},"end":{"line":38,"column":37}},"27":{"start":{"line":39,"column":10},"end":{"line":39,"column":38}},"28":{"start":{"line":40,"column":28},"end":{"line":40,"column":70}},"29":{"start":{"line":41,"column":21},"end":{"line":44,"column":11}},"30":{"start":{"line":45,"column":10},"end":{"line":45,"column":22}},"31":{"start":{"line":48,"column":20},"end":{"line":48,"column":49}},"32":{"start":{"line":49,"column":10},"end":{"line":49,"column":20}},"33":{"start":{"line":53,"column":19},"end":{"line":53,"column":48}},"34":{"start":{"line":54,"column":8},"end":{"line":54,"column":19}},"35":{"start":{"line":69,"column":18},"end":{"line":69,"column":47}},"36":{"start":{"line":70,"column":6},"end":{"line":72,"column":7}},"37":{"start":{"line":71,"column":8},"end":{"line":71,"column":49}},"38":{"start":{"line":73,"column":6},"end":{"line":83,"column":7}},"39":{"start":{"line":74,"column":20},"end":{"line":74,"column":62}},"40":{"start":{"line":75,"column":19},"end":{"line":77,"column":9}},"41":{"start":{"line":78,"column":8},"end":{"line":78,"column":20}},"42":{"start":{"line":81,"column":18},"end":{"line":81,"column":48}},"43":{"start":{"line":82,"column":8},"end":{"line":82,"column":18}},"44":{"start":{"line":97,"column":6},"end":{"line":108,"column":7}},"45":{"start":{"line":98,"column":27},"end":{"line":98,"column":107}},"46":{"start":{"line":99,"column":19},"end":{"line":102,"column":9}},"47":{"start":{"line":103,"column":8},"end":{"line":103,"column":20}},"48":{"start":{"line":106,"column":18},"end":{"line":106,"column":48}},"49":{"start":{"line":107,"column":8},"end":{"line":107,"column":18}},"50":{"start":{"line":112,"column":2},"end":{"line":112,"column":24}},"51":{"start":{"line":115,"column":0},"end":{"line":115,"column":33}}},"fnMap":{"0":{"name":"(anonymous_0)","decl":{"start":{"line":7,"column":19},"end":{"line":7,"column":20}},"loc":{"start":{"line":7,"column":31},"end":{"line":7,"column":561}},"line":7},"1":{"name":"defineProperties","decl":{"start":{"line":7,"column":42},"end":{"line":7,"column":58}},"loc":{"start":{"line":7,"column":74},"end":{"line":7,"column":349}},"line":7},"2":{"name":"(anonymous_2)","decl":{"start":{"line":7,"column":357},"end":{"line":7,"column":358}},"loc":{"start":{"line":7,"column":405},"end":{"line":7,"column":558}},"line":7},"3":{"name":"_interopRequireDefault","decl":{"start":{"line":13,"column":9},"end":{"line":13,"column":31}},"loc":{"start":{"line":13,"column":37},"end":{"line":13,"column":95}},"line":13},"4":{"name":"_classCallCheck","decl":{"start":{"line":15,"column":9},"end":{"line":15,"column":24}},"loc":{"start":{"line":15,"column":48},"end":{"line":15,"column":153}},"line":15},"5":{"name":"(anonymous_5)","decl":{"start":{"line":20,"column":21},"end":{"line":20,"column":22}},"loc":{"start":{"line":20,"column":33},"end":{"line":113,"column":1}},"line":20},"6":{"name":"orderProcessor","decl":{"start":{"line":21,"column":11},"end":{"line":21,"column":25}},"loc":{"start":{"line":21,"column":28},"end":{"line":23,"column":3}},"line":21},"7":{"name":"createOrder","decl":{"start":{"line":34,"column":26},"end":{"line":34,"column":37}},"loc":{"start":{"line":34,"column":45},"end":{"line":56,"column":5}},"line":34},"8":{"name":"getOrders","decl":{"start":{"line":68,"column":26},"end":{"line":68,"column":35}},"loc":{"start":{"line":68,"column":53},"end":{"line":84,"column":5}},"line":68},"9":{"name":"updateOrder","decl":{"start":{"line":96,"column":26},"end":{"line":96,"column":37}},"loc":{"start":{"line":96,"column":57},"end":{"line":109,"column":5}},"line":96}},"branchMap":{"0":{"loc":{"start":{"line":7,"column":168},"end":{"line":7,"column":198}},"type":"binary-expr","locations":[{"start":{"line":7,"column":168},"end":{"line":7,"column":189}},{"start":{"line":7,"column":193},"end":{"line":7,"column":198}}],"line":7},"1":{"loc":{"start":{"line":7,"column":232},"end":{"line":7,"column":286}},"type":"if","locations":[{"start":{"line":7,"column":232},"end":{"line":7,"column":286}},{"start":{"line":7,"column":232},"end":{"line":7,"column":286}}],"line":7},"2":{"loc":{"start":{"line":7,"column":407},"end":{"line":7,"column":475}},"type":"if","locations":[{"start":{"line":7,"column":407},"end":{"line":7,"column":475}},{"start":{"line":7,"column":407},"end":{"line":7,"column":475}}],"line":7},"3":{"loc":{"start":{"line":7,"column":476},"end":{"line":7,"column":536}},"type":"if","locations":[{"start":{"line":7,"column":476},"end":{"line":7,"column":536}},{"start":{"line":7,"column":476},"end":{"line":7,"column":536}}],"line":7},"4":{"loc":{"start":{"line":13,"column":46},"end":{"line":13,"column":92}},"type":"cond-expr","locations":[{"start":{"line":13,"column":70},"end":{"line":13,"column":73}},{"start":{"line":13,"column":76},"end":{"line":13,"column":92}}],"line":13},"5":{"loc":{"start":{"line":13,"column":46},"end":{"line":13,"column":67}},"type":"binary-expr","locations":[{"start":{"line":13,"column":46},"end":{"line":13,"column":49}},{"start":{"line":13,"column":53},"end":{"line":13,"column":67}}],"line":13},"6":{"loc":{"start":{"line":15,"column":50},"end":{"line":15,"column":151}},"type":"if","locations":[{"start":{"line":15,"column":50},"end":{"line":15,"column":151}},{"start":{"line":15,"column":50},"end":{"line":15,"column":151}}],"line":15},"7":{"loc":{"start":{"line":70,"column":6},"end":{"line":72,"column":7}},"type":"if","locations":[{"start":{"line":70,"column":6},"end":{"line":72,"column":7}},{"start":{"line":70,"column":6},"end":{"line":72,"column":7}}],"line":70}},"s":{"0":1,"1":1,"2":1,"3":3,"4":3,"5":3,"6":3,"7":3,"8":3,"9":1,"10":1,"11":0,"12":1,"13":1,"14":1,"15":1,"16":1,"17":1,"18":0,"19":0,"20":1,"21":0,"22":1,"23":0,"24":0,"25":0,"26":0,"27":0,"28":0,"29":0,"30":0,"31":0,"32":0,"33":0,"34":0,"35":0,"36":0,"37":0,"38":0,"39":0,"40":0,"41":0,"42":0,"43":0,"44":0,"45":0,"46":0,"47":0,"48":0,"49":0,"50":1,"51":1},"f":{"0":1,"1":1,"2":1,"3":1,"4":0,"5":1,"6":0,"7":0,"8":0,"9":0},"b":{"0":[3,3],"1":[3,0],"2":[0,1],"3":[1,0],"4":[1,0],"5":[1,1],"6":[0,0],"7":[0,0]},"_coverageSchema":"d34fc3e6b8297bcde183f5492bcb8fcb36775295","hash":"f77ffbf7499b0b9cba47873b759d02779974e8f3","contentHash":"010d3f1087d34260cc9292ccf787d15a_12.0.2"},"/home/coding-muse/Documents/MealApp/server/middlewares/validators/order.js":{"path":"/home/coding-muse/Documents/MealApp/server/middlewares/validators/order.js","statementMap":{"0":{"start":{"line":3,"column":0},"end":{"line":5,"column":3}},"1":{"start":{"line":7,"column":19},"end":{"line":7,"column":53}},"2":{"start":{"line":9,"column":20},"end":{"line":9,"column":56}},"3":{"start":{"line":11,"column":39},"end":{"line":11,"column":93}},"4":{"start":{"line":13,"column":16},"end":{"line":13,"column":18}},"5":{"start":{"line":15,"column":0},"end":{"line":20,"column":2}},"6":{"start":{"line":16,"column":2},"end":{"line":16,"column":87}},"7":{"start":{"line":17,"column":2},"end":{"line":19,"column":5}},"8":{"start":{"line":18,"column":4},"end":{"line":18,"column":150}},"9":{"start":{"line":22,"column":0},"end":{"line":30,"column":2}},"10":{"start":{"line":23,"column":2},"end":{"line":23,"column":79}},"11":{"start":{"line":24,"column":2},"end":{"line":24,"column":87}},"12":{"start":{"line":25,"column":2},"end":{"line":25,"column":107}},"13":{"start":{"line":26,"column":2},"end":{"line":26,"column":103}},"14":{"start":{"line":27,"column":2},"end":{"line":29,"column":5}},"15":{"start":{"line":28,"column":4},"end":{"line":28,"column":150}},"16":{"start":{"line":32,"column":0},"end":{"line":32,"column":28}}},"fnMap":{"0":{"name":"_interopRequireDefault","decl":{"start":{"line":11,"column":9},"end":{"line":11,"column":31}},"loc":{"start":{"line":11,"column":37},"end":{"line":11,"column":95}},"line":11},"1":{"name":"(anonymous_1)","decl":{"start":{"line":15,"column":19},"end":{"line":15,"column":20}},"loc":{"start":{"line":15,"column":45},"end":{"line":20,"column":1}},"line":15},"2":{"name":"(anonymous_2)","decl":{"start":{"line":17,"column":47},"end":{"line":17,"column":48}},"loc":{"start":{"line":17,"column":65},"end":{"line":19,"column":3}},"line":17},"3":{"name":"(anonymous_3)","decl":{"start":{"line":22,"column":19},"end":{"line":22,"column":20}},"loc":{"start":{"line":22,"column":45},"end":{"line":30,"column":1}},"line":22},"4":{"name":"(anonymous_4)","decl":{"start":{"line":27,"column":47},"end":{"line":27,"column":48}},"loc":{"start":{"line":27,"column":65},"end":{"line":29,"column":3}},"line":27}},"branchMap":{"0":{"loc":{"start":{"line":11,"column":46},"end":{"line":11,"column":92}},"type":"cond-expr","locations":[{"start":{"line":11,"column":70},"end":{"line":11,"column":73}},{"start":{"line":11,"column":76},"end":{"line":11,"column":92}}],"line":11},"1":{"loc":{"start":{"line":11,"column":46},"end":{"line":11,"column":67}},"type":"binary-expr","locations":[{"start":{"line":11,"column":46},"end":{"line":11,"column":49}},{"start":{"line":11,"column":53},"end":{"line":11,"column":67}}],"line":11}},"s":{"0":1,"1":1,"2":1,"3":1,"4":1,"5":1,"6":0,"7":0,"8":0,"9":1,"10":0,"11":0,"12":0,"13":0,"14":0,"15":0,"16":1},"f":{"0":1,"1":0,"2":0,"3":0,"4":0},"b":{"0":[1,0],"1":[1,1]},"_coverageSchema":"d34fc3e6b8297bcde183f5492bcb8fcb36775295","hash":"e31f9edfbec74abbd87fd8d772f4958191b77695","contentHash":"e9a3a2bb59eced499c49a2df867509db_12.0.2"},"/home/coding-muse/Documents/MealApp/server/middlewares/permissions/order.js":{"path":"/home/coding-muse/Documents/MealApp/server/middlewares/permissions/order.js","statementMap":{"0":{"start":{"line":3,"column":19},"end":{"line":3,"column":53}},"1":{"start":{"line":5,"column":20},"end":{"line":5,"column":56}},"2":{"start":{"line":7,"column":19},"end":{"line":7,"column":54}},"3":{"start":{"line":9,"column":20},"end":{"line":9,"column":56}},"4":{"start":{"line":11,"column":39},"end":{"line":11,"column":93}},"5":{"start":{"line":13,"column":22},"end":{"line":13,"column":24}},"6":{"start":{"line":16,"column":0},"end":{"line":27,"column":2}},"7":{"start":{"line":17,"column":2},"end":{"line":19,"column":3}},"8":{"start":{"line":18,"column":4},"end":{"line":18,"column":126}},"9":{"start":{"line":21,"column":23},"end":{"line":21,"column":51}},"10":{"start":{"line":22,"column":16},"end":{"line":22,"column":130}},"11":{"start":{"line":23,"column":2},"end":{"line":25,"column":3}},"12":{"start":{"line":24,"column":4},"end":{"line":24,"column":137}},"13":{"start":{"line":26,"column":2},"end":{"line":26,"column":9}},"14":{"start":{"line":29,"column":0},"end":{"line":40,"column":2}},"15":{"start":{"line":30,"column":2},"end":{"line":32,"column":3}},"16":{"start":{"line":31,"column":4},"end":{"line":31,"column":126}},"17":{"start":{"line":34,"column":23},"end":{"line":34,"column":51}},"18":{"start":{"line":35,"column":18},"end":{"line":35,"column":133}},"19":{"start":{"line":36,"column":2},"end":{"line":38,"column":3}},"20":{"start":{"line":37,"column":4},"end":{"line":37,"column":137}},"21":{"start":{"line":39,"column":2},"end":{"line":39,"column":9}},"22":{"start":{"line":42,"column":0},"end":{"line":42,"column":33}}},"fnMap":{"0":{"name":"_interopRequireDefault","decl":{"start":{"line":11,"column":9},"end":{"line":11,"column":31}},"loc":{"start":{"line":11,"column":37},"end":{"line":11,"column":95}},"line":11},"1":{"name":"(anonymous_1)","decl":{"start":{"line":16,"column":26},"end":{"line":16,"column":27}},"loc":{"start":{"line":16,"column":52},"end":{"line":27,"column":1}},"line":16},"2":{"name":"(anonymous_2)","decl":{"start":{"line":29,"column":28},"end":{"line":29,"column":29}},"loc":{"start":{"line":29,"column":54},"end":{"line":40,"column":1}},"line":29}},"branchMap":{"0":{"loc":{"start":{"line":11,"column":46},"end":{"line":11,"column":92}},"type":"cond-expr","locations":[{"start":{"line":11,"column":70},"end":{"line":11,"column":73}},{"start":{"line":11,"column":76},"end":{"line":11,"column":92}}],"line":11},"1":{"loc":{"start":{"line":11,"column":46},"end":{"line":11,"column":67}},"type":"binary-expr","locations":[{"start":{"line":11,"column":46},"end":{"line":11,"column":49}},{"start":{"line":11,"column":53},"end":{"line":11,"column":67}}],"line":11},"2":{"loc":{"start":{"line":17,"column":2},"end":{"line":19,"column":3}},"type":"if","locations":[{"start":{"line":17,"column":2},"end":{"line":19,"column":3}},{"start":{"line":17,"column":2},"end":{"line":19,"column":3}}],"line":17},"3":{"loc":{"start":{"line":22,"column":16},"end":{"line":22,"column":130}},"type":"binary-expr","locations":[{"start":{"line":22,"column":16},"end":{"line":22,"column":69}},{"start":{"line":22,"column":73},"end":{"line":22,"column":130}}],"line":22},"4":{"loc":{"start":{"line":23,"column":2},"end":{"line":25,"column":3}},"type":"if","locations":[{"start":{"line":23,"column":2},"end":{"line":25,"column":3}},{"start":{"line":23,"column":2},"end":{"line":25,"column":3}}],"line":23},"5":{"loc":{"start":{"line":30,"column":2},"end":{"line":32,"column":3}},"type":"if","locations":[{"start":{"line":30,"column":2},"end":{"line":32,"column":3}},{"start":{"line":30,"column":2},"end":{"line":32,"column":3}}],"line":30},"6":{"loc":{"start":{"line":35,"column":18},"end":{"line":35,"column":133}},"type":"binary-expr","locations":[{"start":{"line":35,"column":18},"end":{"line":35,"column":71}},{"start":{"line":35,"column":75},"end":{"line":35,"column":133}}],"line":35},"7":{"loc":{"start":{"line":36,"column":2},"end":{"line":38,"column":3}},"type":"if","locations":[{"start":{"line":36,"column":2},"end":{"line":38,"column":3}},{"start":{"line":36,"column":2},"end":{"line":38,"column":3}}],"line":36}},"s":{"0":1,"1":1,"2":1,"3":1,"4":2,"5":1,"6":1,"7":0,"8":0,"9":0,"10":0,"11":0,"12":0,"13":0,"14":1,"15":0,"16":0,"17":0,"18":0,"19":0,"20":0,"21":0,"22":1},"f":{"0":2,"1":0,"2":0},"b":{"0":[2,0],"1":[2,2],"2":[0,0],"3":[0,0],"4":[0,0],"5":[0,0],"6":[0,0],"7":[0,0]},"_coverageSchema":"d34fc3e6b8297bcde183f5492bcb8fcb36775295","hash":"c6fbc0698021f29193d7030f3c6b63fef13ccb7a","contentHash":"957590c3aa4ca4ac9812dca089c9a57e_12.0.2"},"/home/coding-muse/Documents/MealApp/server/middlewares/validators/custom-validator.js":{"path":"/home/coding-muse/Documents/MealApp/server/middlewares/validators/custom-validator.js","statementMap":{"0":{"start":{"line":3,"column":0},"end":{"line":5,"column":3}},"1":{"start":{"line":6,"column":23},"end":{"line":6,"column":25}},"2":{"start":{"line":7,"column":15},"end":{"line":7,"column":37}},"3":{"start":{"line":8,"column":16},"end":{"line":8,"column":52}},"4":{"start":{"line":10,"column":0},"end":{"line":12,"column":2}},"5":{"start":{"line":11,"column":2},"end":{"line":11,"column":29}},"6":{"start":{"line":14,"column":0},"end":{"line":16,"column":2}},"7":{"start":{"line":15,"column":2},"end":{"line":15,"column":29}},"8":{"start":{"line":18,"column":0},"end":{"line":28,"column":2}},"9":{"start":{"line":19,"column":2},"end":{"line":21,"column":3}},"10":{"start":{"line":20,"column":4},"end":{"line":20,"column":17}},"11":{"start":{"line":23,"column":2},"end":{"line":25,"column":3}},"12":{"start":{"line":24,"column":4},"end":{"line":24,"column":17}},"13":{"start":{"line":26,"column":2},"end":{"line":27,"column":4}},"14":{"start":{"line":30,"column":0},"end":{"line":33,"column":2}},"15":{"start":{"line":31,"column":11},"end":{"line":31,"column":163}},"16":{"start":{"line":32,"column":2},"end":{"line":32,"column":24}},"17":{"start":{"line":35,"column":0},"end":{"line":38,"column":2}},"18":{"start":{"line":36,"column":2},"end":{"line":37,"column":4}},"19":{"start":{"line":40,"column":0},"end":{"line":42,"column":2}},"20":{"start":{"line":41,"column":2},"end":{"line":41,"column":30}},"21":{"start":{"line":43,"column":0},"end":{"line":45,"column":2}},"22":{"start":{"line":44,"column":2},"end":{"line":44,"column":48}},"23":{"start":{"line":46,"column":0},"end":{"line":48,"column":2}},"24":{"start":{"line":47,"column":2},"end":{"line":47,"column":49}},"25":{"start":{"line":49,"column":0},"end":{"line":51,"column":2}},"26":{"start":{"line":50,"column":2},"end":{"line":50,"column":23}},"27":{"start":{"line":52,"column":0},"end":{"line":52,"column":35}}},"fnMap":{"0":{"name":"(anonymous_0)","decl":{"start":{"line":10,"column":28},"end":{"line":10,"column":29}},"loc":{"start":{"line":10,"column":50},"end":{"line":12,"column":1}},"line":10},"1":{"name":"(anonymous_1)","decl":{"start":{"line":14,"column":28},"end":{"line":14,"column":29}},"loc":{"start":{"line":14,"column":50},"end":{"line":16,"column":1}},"line":14},"2":{"name":"(anonymous_2)","decl":{"start":{"line":18,"column":31},"end":{"line":18,"column":32}},"loc":{"start":{"line":18,"column":48},"end":{"line":28,"column":1}},"line":18},"3":{"name":"(anonymous_3)","decl":{"start":{"line":30,"column":29},"end":{"line":30,"column":30}},"loc":{"start":{"line":30,"column":46},"end":{"line":33,"column":1}},"line":30},"4":{"name":"(anonymous_4)","decl":{"start":{"line":35,"column":28},"end":{"line":35,"column":29}},"loc":{"start":{"line":35,"column":45},"end":{"line":38,"column":1}},"line":35},"5":{"name":"(anonymous_5)","decl":{"start":{"line":40,"column":27},"end":{"line":40,"column":28}},"loc":{"start":{"line":40,"column":44},"end":{"line":42,"column":1}},"line":40},"6":{"name":"(anonymous_6)","decl":{"start":{"line":43,"column":32},"end":{"line":43,"column":33}},"loc":{"start":{"line":43,"column":49},"end":{"line":45,"column":1}},"line":43},"7":{"name":"(anonymous_7)","decl":{"start":{"line":46,"column":30},"end":{"line":46,"column":31}},"loc":{"start":{"line":46,"column":47},"end":{"line":48,"column":1}},"line":46},"8":{"name":"(anonymous_8)","decl":{"start":{"line":49,"column":28},"end":{"line":49,"column":29}},"loc":{"start":{"line":49,"column":45},"end":{"line":51,"column":1}},"line":49}},"branchMap":{"0":{"loc":{"start":{"line":19,"column":2},"end":{"line":21,"column":3}},"type":"if","locations":[{"start":{"line":19,"column":2},"end":{"line":21,"column":3}},{"start":{"line":19,"column":2},"end":{"line":21,"column":3}}],"line":19},"1":{"loc":{"start":{"line":23,"column":2},"end":{"line":25,"column":3}},"type":"if","locations":[{"start":{"line":23,"column":2},"end":{"line":25,"column":3}},{"start":{"line":23,"column":2},"end":{"line":25,"column":3}}],"line":23},"2":{"loc":{"start":{"line":23,"column":6},"end":{"line":23,"column":43}},"type":"binary-expr","locations":[{"start":{"line":23,"column":6},"end":{"line":23,"column":22}},{"start":{"line":23,"column":26},"end":{"line":23,"column":43}}],"line":23}},"s":{"0":1,"1":1,"2":1,"3":1,"4":1,"5":29,"6":1,"7":29,"8":1,"9":6,"10":0,"11":6,"12":0,"13":6,"14":1,"15":8,"16":8,"17":1,"18":5,"19":1,"20":0,"21":1,"22":0,"23":1,"24":5,"25":1,"26":0,"27":1},"f":{"0":29,"1":29,"2":6,"3":8,"4":5,"5":0,"6":0,"7":5,"8":0},"b":{"0":[0,6],"1":[0,6],"2":[6,6]},"_coverageSchema":"d34fc3e6b8297bcde183f5492bcb8fcb36775295","hash":"86a9a845ff0aa0ac3c2f424a2c5ea5856d9e2a0e","contentHash":"08d4a0e39d92019cedea4080a7ba3417_12.0.2"},"/home/coding-muse/Documents/MealApp/server/middlewares/validators/custom-sanitizer.js":{"path":"/home/coding-muse/Documents/MealApp/server/middlewares/validators/custom-sanitizer.js","statementMap":{"0":{"start":{"line":3,"column":0},"end":{"line":5,"column":3}},"1":{"start":{"line":6,"column":22},"end":{"line":6,"column":24}},"2":{"start":{"line":8,"column":0},"end":{"line":8,"column":34}}},"fnMap":{},"branchMap":{},"s":{"0":1,"1":1,"2":1},"f":{},"b":{},"_coverageSchema":"d34fc3e6b8297bcde183f5492bcb8fcb36775295","hash":"e970b05ad2acb6dec4ba0099768cd20f639b8536","contentHash":"a8350751ecae24ef4da97d75965cf9c8_12.0.2"}}